{"/home/travis/build/npmtest/node-npmtest-chartist/test.js":{"path":"/home/travis/build/npmtest/node-npmtest-chartist/test.js","s":{"1":2,"2":2,"3":2,"4":2,"5":2,"6":2,"7":2,"8":1,"9":2,"10":2,"11":1,"12":1,"13":1,"14":1,"15":2,"16":2,"17":2,"18":2,"19":1,"20":1,"21":2,"22":2,"23":2,"24":1,"25":1,"26":1,"27":1,"28":1,"29":1,"30":1,"31":1,"32":1,"33":1,"34":1,"35":1,"36":1,"37":2,"38":2,"39":1,"40":2,"41":2,"42":1,"43":2,"44":2,"45":1,"46":2,"47":2,"48":1,"49":1,"50":1,"51":1,"52":1},"b":{"1":[2,1,1,1],"2":[1,1,1,1],"3":[1,1],"4":[1,1],"5":[1,1],"6":[1,1],"7":[1,1],"8":[1,1],"9":[1,1,1],"10":[1,1],"11":[1,1],"12":[1,1],"13":[1,1],"14":[1,1],"15":[1,1],"16":[1,1]},"f":{"1":2,"2":2,"3":2,"4":2,"5":2,"6":1,"7":1,"8":2,"9":2,"10":2,"11":2,"12":1},"fnMap":{"1":{"name":"(anonymous_1)","line":12,"loc":{"start":{"line":12,"column":1},"end":{"line":12,"column":13}}},"2":{"name":"(anonymous_2)","line":19,"loc":{"start":{"line":19,"column":5},"end":{"line":19,"column":17}}},"3":{"name":"(anonymous_3)","line":23,"loc":{"start":{"line":23,"column":24},"end":{"line":23,"column":36}}},"4":{"name":"(anonymous_4)","line":61,"loc":{"start":{"line":61,"column":5},"end":{"line":61,"column":17}}},"5":{"name":"(anonymous_5)","line":82,"loc":{"start":{"line":82,"column":5},"end":{"line":82,"column":17}}},"6":{"name":"(anonymous_6)","line":102,"loc":{"start":{"line":102,"column":83},"end":{"line":105,"column":10}},"skip":true},"7":{"name":"(anonymous_7)","line":113,"loc":{"start":{"line":113,"column":77},"end":{"line":116,"column":10}},"skip":true},"8":{"name":"(anonymous_8)","line":129,"loc":{"start":{"line":129,"column":12},"end":{"line":129,"column":40}},"skip":true},"9":{"name":"(anonymous_9)","line":137,"loc":{"start":{"line":137,"column":77},"end":{"line":140,"column":10}},"skip":true},"10":{"name":"(anonymous_10)","line":148,"loc":{"start":{"line":148,"column":83},"end":{"line":151,"column":10}},"skip":true},"11":{"name":"(anonymous_11)","line":159,"loc":{"start":{"line":159,"column":79},"end":{"line":162,"column":10}},"skip":true},"12":{"name":"(anonymous_12)","line":170,"loc":{"start":{"line":170,"column":75},"end":{"line":173,"column":10}},"skip":true}},"statementMap":{"1":{"start":{"line":12,"column":0},"end":{"line":185,"column":5}},"2":{"start":{"line":14,"column":4},"end":{"line":14,"column":14}},"3":{"start":{"line":19,"column":4},"end":{"line":56,"column":9}},"4":{"start":{"line":21,"column":8},"end":{"line":21,"column":19}},"5":{"start":{"line":23,"column":8},"end":{"line":35,"column":13}},"6":{"start":{"line":24,"column":12},"end":{"line":34,"column":13}},"7":{"start":{"line":25,"column":16},"end":{"line":28,"column":30}},"8":{"start":{"line":30,"column":16},"end":{"line":33,"column":27}},"9":{"start":{"line":37,"column":8},"end":{"line":39,"column":21}},"10":{"start":{"line":40,"column":8},"end":{"line":53,"column":9}},"11":{"start":{"line":43,"column":12},"end":{"line":46,"column":14}},"12":{"start":{"line":47,"column":12},"end":{"line":47,"column":18}},"13":{"start":{"line":50,"column":12},"end":{"line":51,"column":46}},"14":{"start":{"line":52,"column":12},"end":{"line":52,"column":18}},"15":{"start":{"line":55,"column":8},"end":{"line":55,"column":35}},"16":{"start":{"line":61,"column":4},"end":{"line":63,"column":9}},"17":{"start":{"line":62,"column":8},"end":{"line":62,"column":15}},"18":{"start":{"line":64,"column":4},"end":{"line":77,"column":5}},"19":{"start":{"line":70,"column":8},"end":{"line":70,"column":14}},"20":{"start":{"line":76,"column":8},"end":{"line":76,"column":14}},"21":{"start":{"line":82,"column":4},"end":{"line":84,"column":9}},"22":{"start":{"line":83,"column":8},"end":{"line":83,"column":15}},"23":{"start":{"line":85,"column":4},"end":{"line":184,"column":5}},"24":{"start":{"line":92,"column":8},"end":{"line":94,"column":63}},"25":{"start":{"line":95,"column":8},"end":{"line":95,"column":14}},"26":{"start":{"line":102,"column":8},"end":{"line":111,"column":10},"skip":true},"27":{"start":{"line":109,"column":12},"end":{"line":109,"column":55},"skip":true},"28":{"start":{"line":110,"column":12},"end":{"line":110,"column":48},"skip":true},"29":{"start":{"line":113,"column":8},"end":{"line":126,"column":10},"skip":true},"30":{"start":{"line":120,"column":12},"end":{"line":120,"column":76},"skip":true},"31":{"start":{"line":121,"column":12},"end":{"line":121,"column":73},"skip":true},"32":{"start":{"line":122,"column":12},"end":{"line":122,"column":74},"skip":true},"33":{"start":{"line":123,"column":12},"end":{"line":123,"column":79},"skip":true},"34":{"start":{"line":124,"column":12},"end":{"line":124,"column":25},"skip":true},"35":{"start":{"line":125,"column":12},"end":{"line":125,"column":45},"skip":true},"36":{"start":{"line":128,"column":8},"end":{"line":135,"column":14},"skip":true},"37":{"start":{"line":133,"column":16},"end":{"line":133,"column":29},"skip":true},"38":{"start":{"line":134,"column":16},"end":{"line":134,"column":55},"skip":true},"39":{"start":{"line":137,"column":8},"end":{"line":146,"column":10},"skip":true},"40":{"start":{"line":144,"column":12},"end":{"line":144,"column":25},"skip":true},"41":{"start":{"line":145,"column":12},"end":{"line":145,"column":45},"skip":true},"42":{"start":{"line":148,"column":8},"end":{"line":157,"column":10},"skip":true},"43":{"start":{"line":155,"column":12},"end":{"line":155,"column":25},"skip":true},"44":{"start":{"line":156,"column":12},"end":{"line":156,"column":48},"skip":true},"45":{"start":{"line":159,"column":8},"end":{"line":168,"column":10},"skip":true},"46":{"start":{"line":166,"column":12},"end":{"line":166,"column":25},"skip":true},"47":{"start":{"line":167,"column":12},"end":{"line":167,"column":46},"skip":true},"48":{"start":{"line":170,"column":8},"end":{"line":179,"column":10},"skip":true},"49":{"start":{"line":177,"column":12},"end":{"line":177,"column":94},"skip":true},"50":{"start":{"line":178,"column":12},"end":{"line":178,"column":48},"skip":true},"51":{"start":{"line":182,"column":8},"end":{"line":182,"column":35},"skip":true},"52":{"start":{"line":183,"column":8},"end":{"line":183,"column":14},"skip":true}},"branchMap":{"1":{"line":25,"type":"binary-expr","locations":[{"start":{"line":25,"column":23},"end":{"line":25,"column":62}},{"start":{"line":26,"column":20},"end":{"line":26,"column":70}},{"start":{"line":27,"column":20},"end":{"line":27,"column":71}},{"start":{"line":28,"column":20},"end":{"line":28,"column":29}}]},"2":{"line":30,"type":"binary-expr","locations":[{"start":{"line":30,"column":23},"end":{"line":30,"column":37}},{"start":{"line":31,"column":20},"end":{"line":31,"column":61}},{"start":{"line":32,"column":20},"end":{"line":32,"column":70}},{"start":{"line":33,"column":20},"end":{"line":33,"column":26}}]},"3":{"line":37,"type":"cond-expr","locations":[{"start":{"line":38,"column":14},"end":{"line":38,"column":20}},{"start":{"line":39,"column":14},"end":{"line":39,"column":20}}]},"4":{"line":40,"type":"switch","locations":[{"start":{"line":42,"column":8},"end":{"line":47,"column":18}},{"start":{"line":49,"column":8},"end":{"line":52,"column":18}}]},"5":{"line":44,"type":"binary-expr","locations":[{"start":{"line":44,"column":16},"end":{"line":44,"column":44}},{"start":{"line":44,"column":48},"end":{"line":44,"column":66}}]},"6":{"line":50,"type":"binary-expr","locations":[{"start":{"line":50,"column":21},"end":{"line":50,"column":49}},{"start":{"line":50,"column":53},"end":{"line":50,"column":72}}]},"7":{"line":64,"type":"switch","locations":[{"start":{"line":69,"column":4},"end":{"line":70,"column":14}},{"start":{"line":75,"column":4},"end":{"line":76,"column":14}}]},"8":{"line":85,"type":"switch","locations":[{"start":{"line":90,"column":4},"end":{"line":95,"column":14}},{"start":{"line":101,"column":4},"end":{"line":183,"column":14},"skip":true}]},"9":{"line":92,"type":"binary-expr","locations":[{"start":{"line":92,"column":18},"end":{"line":92,"column":32}},{"start":{"line":93,"column":12},"end":{"line":93,"column":53}},{"start":{"line":94,"column":12},"end":{"line":94,"column":61}}]},"10":{"line":102,"type":"binary-expr","locations":[{"start":{"line":102,"column":45},"end":{"line":102,"column":79},"skip":true},{"start":{"line":102,"column":83},"end":{"line":111,"column":9},"skip":true}]},"11":{"line":113,"type":"binary-expr","locations":[{"start":{"line":113,"column":42},"end":{"line":113,"column":73},"skip":true},{"start":{"line":113,"column":77},"end":{"line":126,"column":9},"skip":true}]},"12":{"line":128,"type":"binary-expr","locations":[{"start":{"line":128,"column":48},"end":{"line":128,"column":85},"skip":true},{"start":{"line":129,"column":12},"end":{"line":135,"column":13},"skip":true}]},"13":{"line":137,"type":"binary-expr","locations":[{"start":{"line":137,"column":42},"end":{"line":137,"column":73},"skip":true},{"start":{"line":137,"column":77},"end":{"line":146,"column":9},"skip":true}]},"14":{"line":148,"type":"binary-expr","locations":[{"start":{"line":148,"column":45},"end":{"line":148,"column":79},"skip":true},{"start":{"line":148,"column":83},"end":{"line":157,"column":9},"skip":true}]},"15":{"line":159,"type":"binary-expr","locations":[{"start":{"line":159,"column":43},"end":{"line":159,"column":75},"skip":true},{"start":{"line":159,"column":79},"end":{"line":168,"column":9},"skip":true}]},"16":{"line":170,"type":"binary-expr","locations":[{"start":{"line":170,"column":41},"end":{"line":170,"column":71},"skip":true},{"start":{"line":170,"column":75},"end":{"line":179,"column":9},"skip":true}]}},"code":["/* istanbul instrument in package npmtest_chartist */","/*jslint","    bitwise: true,","    browser: true,","    maxerr: 8,","    maxlen: 96,","    node: true,","    nomen: true,","    regexp: true,","    stupid: true","*/","(function () {","    'use strict';","    var local;","","","","    // run shared js-env code - pre-init","    (function () {","        // init local","        local = {};","        // init modeJs","        local.modeJs = (function () {","            try {","                return typeof navigator.userAgent === 'string' &&","                    typeof document.querySelector('body') === 'object' &&","                    typeof XMLHttpRequest.prototype.open === 'function' &&","                    'browser';","            } catch (errorCaughtBrowser) {","                return module.exports &&","                    typeof process.versions.node === 'string' &&","                    typeof require('http').createServer === 'function' &&","                    'node';","            }","        }());","        // init global","        local.global = local.modeJs === 'browser'","            ? window","            : global;","        switch (local.modeJs) {","        // re-init local from window.local","        case 'browser':","            local = local.global.utility2.objectSetDefault(","                local.global.utility2_rollup || local.global.local,","                local.global.utility2","            );","            break;","        // re-init local from example.js","        case 'node':","            local = (local.global.utility2_rollup || require('utility2'))","                .requireExampleJsFromReadme();","            break;","        }","        // export local","        local.global.local = local;","    }());","","","","    // run shared js-env code - function","    (function () {","        return;","    }());","    switch (local.modeJs) {","","","","    // run browser js-env code - function","    case 'browser':","        break;","","","","    // run node js-env code - function","    case 'node':","        break;","    }","","","","    // run shared js-env code - post-init","    (function () {","        return;","    }());","    switch (local.modeJs) {","","","","    // run browser js-env code - post-init","    case 'browser':","        // run tests","        local.nop(local.modeTest &&","            document.querySelector('#testRunButton1') &&","            document.querySelector('#testRunButton1').click());","        break;","","","","    // run node js-env code - post-init","    /* istanbul ignore next */","    case 'node':","        local.testCase_buildApidoc_default = local.testCase_buildApidoc_default || function (","            options,","            onError","        ) {","        /*","         * this function will test buildApidoc's default handling-behavior-behavior","         */","            options = { modulePathList: module.paths };","            local.buildApidoc(options, onError);","        };","","        local.testCase_buildApp_default = local.testCase_buildApp_default || function (","            options,","            onError","        ) {","        /*","         * this function will test buildApp's default handling-behavior-behavior","         */","            local.testCase_buildReadme_default(options, local.onErrorThrow);","            local.testCase_buildLib_default(options, local.onErrorThrow);","            local.testCase_buildTest_default(options, local.onErrorThrow);","            local.testCase_buildCustomOrg_default(options, local.onErrorThrow);","            options = [];","            local.buildApp(options, onError);","        };","","        local.testCase_buildCustomOrg_default = local.testCase_buildCustomOrg_default ||","            function (options, onError) {","            /*","             * this function will test buildCustomOrg's default handling-behavior","             */","                options = {};","                local.buildCustomOrg(options, onError);","            };","","        local.testCase_buildLib_default = local.testCase_buildLib_default || function (","            options,","            onError","        ) {","        /*","         * this function will test buildLib's default handling-behavior","         */","            options = {};","            local.buildLib(options, onError);","        };","","        local.testCase_buildReadme_default = local.testCase_buildReadme_default || function (","            options,","            onError","        ) {","        /*","         * this function will test buildReadme's default handling-behavior-behavior","         */","            options = {};","            local.buildReadme(options, onError);","        };","","        local.testCase_buildTest_default = local.testCase_buildTest_default || function (","            options,","            onError","        ) {","        /*","         * this function will test buildTest's default handling-behavior","         */","            options = {};","            local.buildTest(options, onError);","        };","","        local.testCase_webpage_default = local.testCase_webpage_default || function (","            options,","            onError","        ) {","        /*","         * this function will test webpage's default handling-behavior","         */","            options = { modeCoverageMerge: true, url: local.serverLocalHost + '?modeTest=1' };","            local.browserTest(options, onError);","        };","","        // run test-server","        local.testRunServer(local);","        break;","    }","}());",""],"l":{"12":2,"14":2,"19":2,"21":2,"23":2,"24":2,"25":2,"30":1,"37":2,"40":2,"43":1,"47":1,"50":1,"52":1,"55":2,"61":2,"62":2,"64":2,"70":1,"76":1,"82":2,"83":2,"85":2,"92":1,"95":1,"102":1,"109":1,"110":1,"113":1,"120":1,"121":1,"122":1,"123":1,"124":1,"125":1,"128":1,"133":2,"134":2,"137":1,"144":2,"145":2,"148":1,"155":2,"156":2,"159":1,"166":2,"167":2,"170":1,"177":1,"178":1,"182":1,"183":1}},"/home/travis/build/npmtest/node-npmtest-chartist/lib.npmtest_chartist.js":{"path":"/home/travis/build/npmtest/node-npmtest-chartist/lib.npmtest_chartist.js","s":{"1":2,"2":2,"3":2,"4":2,"5":2,"6":2,"7":2,"8":1,"9":2,"10":2,"11":2,"12":2,"13":1,"14":1,"15":1,"16":1},"b":{"1":[2,1,1,1],"2":[1,1,1,1],"3":[1,1],"4":[2,2],"5":[1,1]},"f":{"1":2,"2":2,"3":2},"fnMap":{"1":{"name":"(anonymous_1)","line":12,"loc":{"start":{"line":12,"column":1},"end":{"line":12,"column":13}}},"2":{"name":"(anonymous_2)","line":19,"loc":{"start":{"line":19,"column":5},"end":{"line":19,"column":17}}},"3":{"name":"(anonymous_3)","line":23,"loc":{"start":{"line":23,"column":24},"end":{"line":23,"column":36}}}},"statementMap":{"1":{"start":{"line":12,"column":0},"end":{"line":53,"column":5}},"2":{"start":{"line":14,"column":4},"end":{"line":14,"column":14}},"3":{"start":{"line":19,"column":4},"end":{"line":52,"column":9}},"4":{"start":{"line":21,"column":8},"end":{"line":21,"column":19}},"5":{"start":{"line":23,"column":8},"end":{"line":35,"column":13}},"6":{"start":{"line":24,"column":12},"end":{"line":34,"column":13}},"7":{"start":{"line":25,"column":16},"end":{"line":28,"column":30}},"8":{"start":{"line":30,"column":16},"end":{"line":33,"column":27}},"9":{"start":{"line":37,"column":8},"end":{"line":39,"column":21}},"10":{"start":{"line":41,"column":8},"end":{"line":41,"column":54}},"11":{"start":{"line":43,"column":8},"end":{"line":43,"column":53}},"12":{"start":{"line":45,"column":8},"end":{"line":51,"column":9}},"13":{"start":{"line":46,"column":12},"end":{"line":46,"column":59}},"14":{"start":{"line":48,"column":12},"end":{"line":48,"column":35}},"15":{"start":{"line":49,"column":12},"end":{"line":49,"column":49}},"16":{"start":{"line":50,"column":12},"end":{"line":50,"column":43}}},"branchMap":{"1":{"line":25,"type":"binary-expr","locations":[{"start":{"line":25,"column":23},"end":{"line":25,"column":62}},{"start":{"line":26,"column":20},"end":{"line":26,"column":70}},{"start":{"line":27,"column":20},"end":{"line":27,"column":71}},{"start":{"line":28,"column":20},"end":{"line":28,"column":29}}]},"2":{"line":30,"type":"binary-expr","locations":[{"start":{"line":30,"column":23},"end":{"line":30,"column":37}},{"start":{"line":31,"column":20},"end":{"line":31,"column":61}},{"start":{"line":32,"column":20},"end":{"line":32,"column":70}},{"start":{"line":33,"column":20},"end":{"line":33,"column":26}}]},"3":{"line":37,"type":"cond-expr","locations":[{"start":{"line":38,"column":14},"end":{"line":38,"column":20}},{"start":{"line":39,"column":14},"end":{"line":39,"column":20}}]},"4":{"line":41,"type":"binary-expr","locations":[{"start":{"line":41,"column":16},"end":{"line":41,"column":44}},{"start":{"line":41,"column":48},"end":{"line":41,"column":53}}]},"5":{"line":45,"type":"if","locations":[{"start":{"line":45,"column":8},"end":{"line":45,"column":8}},{"start":{"line":45,"column":8},"end":{"line":45,"column":8}}]}},"code":["/* istanbul instrument in package npmtest_chartist */","/*jslint","    bitwise: true,","    browser: true,","    maxerr: 8,","    maxlen: 96,","    node: true,","    nomen: true,","    regexp: true,","    stupid: true","*/","(function () {","    'use strict';","    var local;","","","","    // run shared js-env code - pre-init","    (function () {","        // init local","        local = {};","        // init modeJs","        local.modeJs = (function () {","            try {","                return typeof navigator.userAgent === 'string' &&","                    typeof document.querySelector('body') === 'object' &&","                    typeof XMLHttpRequest.prototype.open === 'function' &&","                    'browser';","            } catch (errorCaughtBrowser) {","                return module.exports &&","                    typeof process.versions.node === 'string' &&","                    typeof require('http').createServer === 'function' &&","                    'node';","            }","        }());","        // init global","        local.global = local.modeJs === 'browser'","            ? window","            : global;","        // init utility2_rollup","        local = local.global.utility2_rollup || local;","        // init lib","        local.local = local.npmtest_chartist = local;","        // init exports","        if (local.modeJs === 'browser') {","            local.global.utility2_npmtest_chartist = local;","        } else {","            module.exports = local;","            module.exports.__dirname = __dirname;","            module.exports.module = module;","        }","    }());","}());",""],"l":{"12":2,"14":2,"19":2,"21":2,"23":2,"24":2,"25":2,"30":1,"37":2,"41":2,"43":2,"45":2,"46":1,"48":1,"49":1,"50":1}},"/home/travis/build/npmtest/node-npmtest-chartist/example.js":{"path":"/home/travis/build/npmtest/node-npmtest-chartist/example.js","s":{"1":2,"2":2,"3":2,"4":2,"5":2,"6":2,"7":2,"8":1,"9":2,"10":2,"11":2,"12":2,"13":1,"14":2,"15":2,"16":2,"17":2,"18":2,"19":0,"20":2,"21":1,"22":1,"23":1,"24":1,"25":1,"26":0,"27":0,"28":1,"29":1,"30":2,"31":0,"32":0,"33":0,"34":1,"35":2,"36":2,"37":2,"38":2,"39":2,"40":2,"41":0,"42":2,"43":2,"44":2,"45":1,"46":3,"47":1,"48":1,"49":1,"50":1,"51":1,"52":1,"53":1,"54":1,"55":1,"56":1,"57":0,"58":1,"59":6,"60":6,"61":1,"62":2,"63":0,"64":2,"65":1,"66":1,"67":0,"68":0,"69":0,"70":0,"71":0,"72":0,"73":0,"74":0,"75":0,"76":0,"77":0,"78":0,"79":0,"80":0,"81":0,"82":0,"83":0},"b":{"1":[2,1,1,1],"2":[1,1,1,1],"3":[1,1],"4":[2,2],"5":[1,1],"6":[1,1],"7":[2,0],"8":[2,1,1,1,1,1],"9":[0,2,0],"10":[1,1],"11":[2,1,1],"12":[1,0],"13":[0,2],"14":[2,0,0,0,0,0,0],"15":[0,2],"16":[2,0],"17":[1,1],"18":[0,1],"19":[1,2,0,2],"20":[1,0],"21":[1,1],"22":[0,0],"23":[0,0],"24":[0,0],"25":[0,0],"26":[0,0],"27":[0,0],"28":[0,0]},"f":{"1":2,"2":2,"3":2,"4":2,"5":2,"6":2,"7":2,"8":2,"9":3,"10":1,"11":6,"12":0},"fnMap":{"1":{"name":"(anonymous_1)","line":26,"loc":{"start":{"line":26,"column":1},"end":{"line":26,"column":13}}},"2":{"name":"(anonymous_2)","line":33,"loc":{"start":{"line":33,"column":5},"end":{"line":33,"column":17}}},"3":{"name":"(anonymous_3)","line":37,"loc":{"start":{"line":37,"column":24},"end":{"line":37,"column":36}}},"4":{"name":"(anonymous_4)","line":69,"loc":{"start":{"line":69,"column":31},"end":{"line":69,"column":48}},"skip":true},"5":{"name":"(anonymous_5)","line":78,"loc":{"start":{"line":78,"column":26},"end":{"line":78,"column":45}},"skip":true},"6":{"name":"(anonymous_6)","line":123,"loc":{"start":{"line":123,"column":33},"end":{"line":123,"column":48}},"skip":true},"7":{"name":"(anonymous_7)","line":125,"loc":{"start":{"line":125,"column":27},"end":{"line":125,"column":39}},"skip":true},"8":{"name":"(anonymous_8)","line":133,"loc":{"start":{"line":133,"column":59},"end":{"line":133,"column":74}},"skip":true},"9":{"name":"(anonymous_9)","line":143,"loc":{"start":{"line":143,"column":45},"end":{"line":143,"column":62}},"skip":true},"10":{"name":"(anonymous_10)","line":144,"loc":{"start":{"line":144,"column":73},"end":{"line":144,"column":92}},"skip":true},"11":{"name":"(anonymous_11)","line":272,"loc":{"start":{"line":272,"column":51},"end":{"line":272,"column":77}},"skip":true},"12":{"name":"(anonymous_12)","line":314,"loc":{"start":{"line":314,"column":32},"end":{"line":314,"column":61}},"skip":true}},"statementMap":{"1":{"start":{"line":26,"column":0},"end":{"line":325,"column":5}},"2":{"start":{"line":28,"column":4},"end":{"line":28,"column":14}},"3":{"start":{"line":33,"column":4},"end":{"line":60,"column":9}},"4":{"start":{"line":35,"column":8},"end":{"line":35,"column":19}},"5":{"start":{"line":37,"column":8},"end":{"line":49,"column":13}},"6":{"start":{"line":38,"column":12},"end":{"line":48,"column":13}},"7":{"start":{"line":39,"column":16},"end":{"line":42,"column":30}},"8":{"start":{"line":44,"column":16},"end":{"line":47,"column":27}},"9":{"start":{"line":51,"column":8},"end":{"line":53,"column":21}},"10":{"start":{"line":55,"column":8},"end":{"line":57,"column":45}},"11":{"start":{"line":59,"column":8},"end":{"line":59,"column":35}},"12":{"start":{"line":61,"column":4},"end":{"line":324,"column":5}},"13":{"start":{"line":69,"column":8},"end":{"line":121,"column":10},"skip":true},"14":{"start":{"line":70,"column":12},"end":{"line":88,"column":13},"skip":true},"15":{"start":{"line":76,"column":16},"end":{"line":87,"column":19},"skip":true},"16":{"start":{"line":79,"column":20},"end":{"line":86,"column":21},"skip":true},"17":{"start":{"line":82,"column":24},"end":{"line":82,"column":43},"skip":true},"18":{"start":{"line":83,"column":24},"end":{"line":83,"column":30},"skip":true},"19":{"start":{"line":85,"column":24},"end":{"line":85,"column":49},"skip":true},"20":{"start":{"line":89,"column":12},"end":{"line":107,"column":13},"skip":true},"21":{"start":{"line":92,"column":16},"end":{"line":102,"column":17},"skip":true},"22":{"start":{"line":93,"column":20},"end":{"line":93,"column":86},"skip":true},"23":{"start":{"line":94,"column":20},"end":{"line":95,"column":45},"skip":true},"24":{"start":{"line":96,"column":20},"end":{"line":96,"column":42},"skip":true},"25":{"start":{"line":97,"column":20},"end":{"line":97,"column":48},"skip":true},"26":{"start":{"line":100,"column":20},"end":{"line":100,"column":85},"skip":true},"27":{"start":{"line":101,"column":20},"end":{"line":101,"column":96},"skip":true},"28":{"start":{"line":103,"column":16},"end":{"line":103,"column":22},"skip":true},"29":{"start":{"line":106,"column":16},"end":{"line":106,"column":22},"skip":true},"30":{"start":{"line":108,"column":12},"end":{"line":120,"column":13},"skip":true},"31":{"start":{"line":114,"column":16},"end":{"line":119,"column":17},"skip":true},"32":{"start":{"line":116,"column":20},"end":{"line":116,"column":78},"skip":true},"33":{"start":{"line":118,"column":20},"end":{"line":118,"column":47},"skip":true},"34":{"start":{"line":123,"column":8},"end":{"line":141,"column":11},"skip":true},"35":{"start":{"line":124,"column":12},"end":{"line":124,"column":54},"skip":true},"36":{"start":{"line":125,"column":12},"end":{"line":140,"column":14},"skip":true},"37":{"start":{"line":126,"column":16},"end":{"line":126,"column":28},"skip":true},"38":{"start":{"line":127,"column":16},"end":{"line":127,"column":69},"skip":true},"39":{"start":{"line":128,"column":16},"end":{"line":128,"column":75},"skip":true},"40":{"start":{"line":129,"column":16},"end":{"line":131,"column":17},"skip":true},"41":{"start":{"line":130,"column":20},"end":{"line":130,"column":27},"skip":true},"42":{"start":{"line":133,"column":16},"end":{"line":137,"column":36},"skip":true},"43":{"start":{"line":134,"column":20},"end":{"line":136,"column":55},"skip":true},"44":{"start":{"line":139,"column":16},"end":{"line":139,"column":57},"skip":true},"45":{"start":{"line":143,"column":8},"end":{"line":147,"column":11},"skip":true},"46":{"start":{"line":144,"column":12},"end":{"line":146,"column":15},"skip":true},"47":{"start":{"line":145,"column":16},"end":{"line":145,"column":70},"skip":true},"48":{"start":{"line":149,"column":8},"end":{"line":149,"column":31},"skip":true},"49":{"start":{"line":150,"column":8},"end":{"line":150,"column":14},"skip":true},"50":{"start":{"line":158,"column":8},"end":{"line":158,"column":31},"skip":true},"51":{"start":{"line":160,"column":8},"end":{"line":160,"column":33},"skip":true},"52":{"start":{"line":161,"column":8},"end":{"line":161,"column":37},"skip":true},"53":{"start":{"line":162,"column":8},"end":{"line":162,"column":35},"skip":true},"54":{"start":{"line":164,"column":8},"end":{"line":164,"column":50},"skip":true},"55":{"start":{"line":166,"column":8},"end":{"line":256,"column":2},"skip":true},"56":{"start":{"line":258,"column":8},"end":{"line":286,"column":9},"skip":true},"57":{"start":{"line":259,"column":12},"end":{"line":269,"column":14},"skip":true},"58":{"start":{"line":271,"column":12},"end":{"line":285,"column":19},"skip":true},"59":{"start":{"line":274,"column":20},"end":{"line":274,"column":35},"skip":true},"60":{"start":{"line":275,"column":20},"end":{"line":284,"column":21},"skip":true},"61":{"start":{"line":277,"column":24},"end":{"line":277,"column":64},"skip":true},"62":{"start":{"line":279,"column":24},"end":{"line":279,"column":40},"skip":true},"63":{"start":{"line":281,"column":24},"end":{"line":281,"column":40},"skip":true},"64":{"start":{"line":283,"column":24},"end":{"line":283,"column":39},"skip":true},"65":{"start":{"line":288,"column":8},"end":{"line":290,"column":9},"skip":true},"66":{"start":{"line":289,"column":12},"end":{"line":289,"column":18},"skip":true},"67":{"start":{"line":291,"column":8},"end":{"line":293,"column":54},"skip":true},"68":{"start":{"line":294,"column":8},"end":{"line":301,"column":37},"skip":true},"69":{"start":{"line":302,"column":8},"end":{"line":302,"column":82},"skip":true},"70":{"start":{"line":305,"column":8},"end":{"line":307,"column":9},"skip":true},"71":{"start":{"line":306,"column":12},"end":{"line":306,"column":82},"skip":true},"72":{"start":{"line":309,"column":8},"end":{"line":311,"column":9},"skip":true},"73":{"start":{"line":310,"column":12},"end":{"line":310,"column":18},"skip":true},"74":{"start":{"line":312,"column":8},"end":{"line":312,"column":54},"skip":true},"75":{"start":{"line":313,"column":8},"end":{"line":313,"column":69},"skip":true},"76":{"start":{"line":314,"column":8},"end":{"line":322,"column":36},"skip":true},"77":{"start":{"line":315,"column":12},"end":{"line":315,"column":61},"skip":true},"78":{"start":{"line":316,"column":12},"end":{"line":319,"column":13},"skip":true},"79":{"start":{"line":317,"column":16},"end":{"line":317,"column":75},"skip":true},"80":{"start":{"line":318,"column":16},"end":{"line":318,"column":23},"skip":true},"81":{"start":{"line":320,"column":12},"end":{"line":320,"column":38},"skip":true},"82":{"start":{"line":321,"column":12},"end":{"line":321,"column":27},"skip":true},"83":{"start":{"line":323,"column":8},"end":{"line":323,"column":14},"skip":true}},"branchMap":{"1":{"line":39,"type":"binary-expr","locations":[{"start":{"line":39,"column":23},"end":{"line":39,"column":62}},{"start":{"line":40,"column":20},"end":{"line":40,"column":70}},{"start":{"line":41,"column":20},"end":{"line":41,"column":71}},{"start":{"line":42,"column":20},"end":{"line":42,"column":29}}]},"2":{"line":44,"type":"binary-expr","locations":[{"start":{"line":44,"column":23},"end":{"line":44,"column":37}},{"start":{"line":45,"column":20},"end":{"line":45,"column":61}},{"start":{"line":46,"column":20},"end":{"line":46,"column":70}},{"start":{"line":47,"column":20},"end":{"line":47,"column":26}}]},"3":{"line":51,"type":"cond-expr","locations":[{"start":{"line":52,"column":14},"end":{"line":52,"column":20}},{"start":{"line":53,"column":14},"end":{"line":53,"column":20}}]},"4":{"line":55,"type":"binary-expr","locations":[{"start":{"line":55,"column":16},"end":{"line":55,"column":44}},{"start":{"line":55,"column":49},"end":{"line":57,"column":43}}]},"5":{"line":55,"type":"cond-expr","locations":[{"start":{"line":56,"column":14},"end":{"line":56,"column":52}},{"start":{"line":57,"column":14},"end":{"line":57,"column":43}}]},"6":{"line":61,"type":"switch","locations":[{"start":{"line":68,"column":4},"end":{"line":150,"column":14},"skip":true},{"start":{"line":156,"column":4},"end":{"line":323,"column":14},"skip":true}]},"7":{"line":70,"type":"if","locations":[{"start":{"line":70,"column":12},"end":{"line":70,"column":12},"skip":true},{"start":{"line":70,"column":12},"end":{"line":70,"column":12},"skip":true}]},"8":{"line":70,"type":"binary-expr","locations":[{"start":{"line":70,"column":16},"end":{"line":70,"column":22},"skip":true},{"start":{"line":70,"column":27},"end":{"line":70,"column":32},"skip":true},{"start":{"line":71,"column":20},"end":{"line":71,"column":39},"skip":true},{"start":{"line":72,"column":20},"end":{"line":72,"column":49},"skip":true},{"start":{"line":73,"column":20},"end":{"line":73,"column":58},"skip":true},{"start":{"line":74,"column":20},"end":{"line":74,"column":69},"skip":true}]},"9":{"line":79,"type":"switch","locations":[{"start":{"line":80,"column":20},"end":{"line":80,"column":33},"skip":true},{"start":{"line":81,"column":20},"end":{"line":83,"column":30},"skip":true},{"start":{"line":84,"column":20},"end":{"line":85,"column":49},"skip":true}]},"10":{"line":89,"type":"switch","locations":[{"start":{"line":90,"column":12},"end":{"line":103,"column":22},"skip":true},{"start":{"line":105,"column":12},"end":{"line":106,"column":22},"skip":true}]},"11":{"line":89,"type":"binary-expr","locations":[{"start":{"line":89,"column":20},"end":{"line":89,"column":25},"skip":true},{"start":{"line":89,"column":29},"end":{"line":89,"column":48},"skip":true},{"start":{"line":89,"column":52},"end":{"line":89,"column":74},"skip":true}]},"12":{"line":92,"type":"if","locations":[{"start":{"line":92,"column":16},"end":{"line":92,"column":16},"skip":true},{"start":{"line":92,"column":16},"end":{"line":92,"column":16},"skip":true}]},"13":{"line":108,"type":"if","locations":[{"start":{"line":108,"column":12},"end":{"line":108,"column":12},"skip":true},{"start":{"line":108,"column":12},"end":{"line":108,"column":12},"skip":true}]},"14":{"line":108,"type":"binary-expr","locations":[{"start":{"line":108,"column":16},"end":{"line":108,"column":61},"skip":true},{"start":{"line":108,"column":66},"end":{"line":108,"column":72},"skip":true},{"start":{"line":108,"column":77},"end":{"line":108,"column":82},"skip":true},{"start":{"line":109,"column":20},"end":{"line":109,"column":39},"skip":true},{"start":{"line":110,"column":20},"end":{"line":110,"column":49},"skip":true},{"start":{"line":111,"column":20},"end":{"line":111,"column":58},"skip":true},{"start":{"line":112,"column":20},"end":{"line":112,"column":68},"skip":true}]},"15":{"line":129,"type":"if","locations":[{"start":{"line":129,"column":16},"end":{"line":129,"column":16},"skip":true},{"start":{"line":129,"column":16},"end":{"line":129,"column":16},"skip":true}]},"16":{"line":134,"type":"cond-expr","locations":[{"start":{"line":135,"column":26},"end":{"line":135,"column":29},"skip":true},{"start":{"line":136,"column":26},"end":{"line":136,"column":54},"skip":true}]},"17":{"line":164,"type":"binary-expr","locations":[{"start":{"line":164,"column":27},"end":{"line":164,"column":43},"skip":true},{"start":{"line":164,"column":47},"end":{"line":164,"column":49},"skip":true}]},"18":{"line":258,"type":"if","locations":[{"start":{"line":258,"column":8},"end":{"line":258,"column":8},"skip":true},{"start":{"line":258,"column":8},"end":{"line":258,"column":8},"skip":true}]},"19":{"line":275,"type":"switch","locations":[{"start":{"line":276,"column":20},"end":{"line":277,"column":64},"skip":true},{"start":{"line":278,"column":20},"end":{"line":279,"column":40},"skip":true},{"start":{"line":280,"column":20},"end":{"line":281,"column":40},"skip":true},{"start":{"line":282,"column":20},"end":{"line":283,"column":39},"skip":true}]},"20":{"line":288,"type":"if","locations":[{"start":{"line":288,"column":8},"end":{"line":288,"column":8},"skip":true},{"start":{"line":288,"column":8},"end":{"line":288,"column":8},"skip":true}]},"21":{"line":288,"type":"binary-expr","locations":[{"start":{"line":288,"column":12},"end":{"line":288,"column":40},"skip":true},{"start":{"line":288,"column":44},"end":{"line":288,"column":67},"skip":true}]},"22":{"line":292,"type":"binary-expr","locations":[{"start":{"line":292,"column":12},"end":{"line":292,"column":50},"skip":true},{"start":{"line":293,"column":12},"end":{"line":293,"column":53},"skip":true}]},"23":{"line":295,"type":"binary-expr","locations":[{"start":{"line":295,"column":12},"end":{"line":295,"column":66},"skip":true},{"start":{"line":296,"column":12},"end":{"line":301,"column":36},"skip":true}]},"24":{"line":302,"type":"binary-expr","locations":[{"start":{"line":302,"column":43},"end":{"line":302,"column":75},"skip":true},{"start":{"line":302,"column":79},"end":{"line":302,"column":81},"skip":true}]},"25":{"line":305,"type":"if","locations":[{"start":{"line":305,"column":8},"end":{"line":305,"column":8},"skip":true},{"start":{"line":305,"column":8},"end":{"line":305,"column":8},"skip":true}]},"26":{"line":309,"type":"if","locations":[{"start":{"line":309,"column":8},"end":{"line":309,"column":8},"skip":true},{"start":{"line":309,"column":8},"end":{"line":309,"column":8},"skip":true}]},"27":{"line":312,"type":"binary-expr","locations":[{"start":{"line":312,"column":27},"end":{"line":312,"column":43},"skip":true},{"start":{"line":312,"column":47},"end":{"line":312,"column":53},"skip":true}]},"28":{"line":316,"type":"if","locations":[{"start":{"line":316,"column":12},"end":{"line":316,"column":12},"skip":true},{"start":{"line":316,"column":12},"end":{"line":316,"column":12},"skip":true}]}},"code":["/*","example.js","","quickstart example","","instruction","    1. save this script as example.js","    2. run the shell command:","        $ npm install npmtest-chartist && PORT=8081 node example.js","    3. play with the browser-demo on http://127.0.0.1:8081","*/","","","","/* istanbul instrument in package npmtest_chartist */","/*jslint","    bitwise: true,","    browser: true,","    maxerr: 8,","    maxlen: 96,","    node: true,","    nomen: true,","    regexp: true,","    stupid: true","*/","(function () {","    'use strict';","    var local;","","","","    // run shared js-env code - pre-init","    (function () {","        // init local","        local = {};","        // init modeJs","        local.modeJs = (function () {","            try {","                return typeof navigator.userAgent === 'string' &&","                    typeof document.querySelector('body') === 'object' &&","                    typeof XMLHttpRequest.prototype.open === 'function' &&","                    'browser';","            } catch (errorCaughtBrowser) {","                return module.exports &&","                    typeof process.versions.node === 'string' &&","                    typeof require('http').createServer === 'function' &&","                    'node';","            }","        }());","        // init global","        local.global = local.modeJs === 'browser'","            ? window","            : global;","        // init utility2_rollup","        local = local.global.utility2_rollup || (local.modeJs === 'browser'","            ? local.global.utility2_npmtest_chartist","            : global.utility2_moduleExports);","        // export local","        local.global.local = local;","    }());","    switch (local.modeJs) {","","","","    // post-init","    // run browser js-env code - post-init","    /* istanbul ignore next */","    case 'browser':","        local.testRunBrowser = function (event) {","            if (!event || (event &&","                    event.currentTarget &&","                    event.currentTarget.className &&","                    event.currentTarget.className.includes &&","                    event.currentTarget.className.includes('onreset'))) {","                // reset output","                Array.from(","                    document.querySelectorAll('body > .resettable')","                ).forEach(function (element) {","                    switch (element.tagName) {","                    case 'INPUT':","                    case 'TEXTAREA':","                        element.value = '';","                        break;","                    default:","                        element.textContent = '';","                    }","                });","            }","            switch (event && event.currentTarget && event.currentTarget.id) {","            case 'testRunButton1':","                // show tests","                if (document.querySelector('#testReportDiv1').style.display === 'none') {","                    document.querySelector('#testReportDiv1').style.display = 'block';","                    document.querySelector('#testRunButton1').textContent =","                        'hide internal test';","                    local.modeTest = true;","                    local.testRunDefault(local);","                // hide tests","                } else {","                    document.querySelector('#testReportDiv1').style.display = 'none';","                    document.querySelector('#testRunButton1').textContent = 'run internal test';","                }","                break;","            // custom-case","            default:","                break;","            }","            if (document.querySelector('#inputTextareaEval1') && (!event || (event &&","                    event.currentTarget &&","                    event.currentTarget.className &&","                    event.currentTarget.className.includes &&","                    event.currentTarget.className.includes('oneval')))) {","                // try to eval input-code","                try {","                    /*jslint evil: true*/","                    eval(document.querySelector('#inputTextareaEval1').value);","                } catch (errorCaught) {","                    console.error(errorCaught);","                }","            }","        };","        // log stderr and stdout to #outputTextareaStdout1","        ['error', 'log'].forEach(function (key) {","            console[key + '_original'] = console[key];","            console[key] = function () {","                var element;","                console[key + '_original'].apply(console, arguments);","                element = document.querySelector('#outputTextareaStdout1');","                if (!element) {","                    return;","                }","                // append text to #outputTextareaStdout1","                element.value += Array.from(arguments).map(function (arg) {","                    return typeof arg === 'string'","                        ? arg","                        : JSON.stringify(arg, null, 4);","                }).join(' ') + '\\n';","                // scroll textarea to bottom","                element.scrollTop = element.scrollHeight;","            };","        });","        // init event-handling","        ['change', 'click', 'keyup'].forEach(function (event) {","            Array.from(document.querySelectorAll('.on' + event)).forEach(function (element) {","                element.addEventListener(event, local.testRunBrowser);","            });","        });","        // run tests","        local.testRunBrowser();","        break;","","","","    // run node js-env code - post-init","    /* istanbul ignore next */","    case 'node':","        // export local","        module.exports = local;","        // require modules","        local.fs = require('fs');","        local.http = require('http');","        local.url = require('url');","        // init assets","        local.assetsDict = local.assetsDict || {};","        /* jslint-ignore-begin */","        local.assetsDict['/assets.index.template.html'] = '\\","<!doctype html>\\n\\","<html lang=\"en\">\\n\\","<head>\\n\\","<meta charset=\"UTF-8\">\\n\\","<meta name=\"viewport\" content=\"width=device-width, initial-scale=1\">\\n\\","<title>{{env.npm_package_name}} (v{{env.npm_package_version}})</title>\\n\\","<style>\\n\\","/*csslint\\n\\","    box-sizing: false,\\n\\","    universal-selector: false\\n\\","*/\\n\\","* {\\n\\","    box-sizing: border-box;\\n\\","}\\n\\","body {\\n\\","    background: #dde;\\n\\","    font-family: Arial, Helvetica, sans-serif;\\n\\","    margin: 2rem;\\n\\","}\\n\\","body > * {\\n\\","    margin-bottom: 1rem;\\n\\","}\\n\\",".utility2FooterDiv {\\n\\","    margin-top: 20px;\\n\\","    text-align: center;\\n\\","}\\n\\","</style>\\n\\","<style>\\n\\","/*csslint\\n\\","*/\\n\\","textarea {\\n\\","    font-family: monospace;\\n\\","    height: 10rem;\\n\\","    width: 100%;\\n\\","}\\n\\","textarea[readonly] {\\n\\","    background: #ddd;\\n\\","}\\n\\","</style>\\n\\","</head>\\n\\","<body>\\n\\","<!-- utility2-comment\\n\\","<div id=\"ajaxProgressDiv1\" style=\"background: #d00; height: 2px; left: 0; margin: 0; padding: 0; position: fixed; top: 0; transition: background 0.5s, width 1.5s; width: 25%;\"></div>\\n\\","utility2-comment -->\\n\\","<h1>\\n\\","<!-- utility2-comment\\n\\","    <a\\n\\","        {{#if env.npm_package_homepage}}\\n\\","        href=\"{{env.npm_package_homepage}}\"\\n\\","        {{/if env.npm_package_homepage}}\\n\\","        target=\"_blank\"\\n\\","    >\\n\\","utility2-comment -->\\n\\","        {{env.npm_package_name}} (v{{env.npm_package_version}})\\n\\","<!-- utility2-comment\\n\\","    </a>\\n\\","utility2-comment -->\\n\\","</h1>\\n\\","<h3>{{env.npm_package_description}}</h3>\\n\\","<!-- utility2-comment\\n\\","<h4><a download href=\"assets.app.js\">download standalone app</a></h4>\\n\\","<button class=\"onclick onreset\" id=\"testRunButton1\">run internal test</button><br>\\n\\","<div id=\"testReportDiv1\" style=\"display: none;\"></div>\\n\\","utility2-comment -->\\n\\","\\n\\","\\n\\","\\n\\","<label>stderr and stdout</label>\\n\\","<textarea class=\"resettable\" id=\"outputTextareaStdout1\" readonly></textarea>\\n\\","<!-- utility2-comment\\n\\","{{#if isRollup}}\\n\\","<script src=\"assets.app.js\"></script>\\n\\","{{#unless isRollup}}\\n\\","utility2-comment -->\\n\\","<script src=\"assets.utility2.rollup.js\"></script>\\n\\","<script src=\"jsonp.utility2._stateInit?callback=window.utility2._stateInit\"></script>\\n\\","<script src=\"assets.npmtest_chartist.rollup.js\"></script>\\n\\","<script src=\"assets.example.js\"></script>\\n\\","<script src=\"assets.test.js\"></script>\\n\\","<!-- utility2-comment\\n\\","{{/if isRollup}}\\n\\","utility2-comment -->\\n\\","<div class=\"utility2FooterDiv\">\\n\\","    [ this app was created with\\n\\","    <a href=\"https://github.com/kaizhu256/node-utility2\" target=\"_blank\">utility2</a>\\n\\","    ]\\n\\","</div>\\n\\","</body>\\n\\","</html>\\n\\","';","        /* jslint-ignore-end */","        if (local.templateRender) {","            local.assetsDict['/'] = local.templateRender(","                local.assetsDict['/assets.index.template.html'],","                {","                    env: local.objectSetDefault(local.env, {","                        npm_package_description: 'the greatest app in the world!',","                        npm_package_name: 'my-app',","                        npm_package_nameAlias: 'my_app',","                        npm_package_version: '0.0.1'","                    })","                }","            );","        } else {","            local.assetsDict['/'] = local.assetsDict['/assets.index.template.html']","                .replace((/\\{\\{env\\.(\\w+?)\\}\\}/g), function (match0, match1) {","                    // jslint-hack","                    String(match0);","                    switch (match1) {","                    case 'npm_package_description':","                        return 'the greatest app in the world!';","                    case 'npm_package_name':","                        return 'my-app';","                    case 'npm_package_nameAlias':","                        return 'my_app';","                    case 'npm_package_version':","                        return '0.0.1';","                    }","                });","        }","        // run the cli","        if (local.global.utility2_rollup || module !== require.main) {","            break;","        }","        local.assetsDict['/assets.example.js'] =","            local.assetsDict['/assets.example.js'] ||","            local.fs.readFileSync(__filename, 'utf8');","        local.assetsDict['/assets.npmtest_chartist.rollup.js'] =","            local.assetsDict['/assets.npmtest_chartist.rollup.js'] ||","            local.fs.readFileSync(","                // buildCustomOrg-hack","                local.npmtest_chartist.__dirname +","                    '/lib.npmtest_chartist.js',","                'utf8'","            ).replace((/^#!/), '//');","        local.assetsDict['/favicon.ico'] = local.assetsDict['/favicon.ico'] || '';","        // if $npm_config_timeout_exit exists,","        // then exit this process after $npm_config_timeout_exit ms","        if (Number(process.env.npm_config_timeout_exit)) {","            setTimeout(process.exit, Number(process.env.npm_config_timeout_exit));","        }","        // start server","        if (local.global.utility2_serverHttp1) {","            break;","        }","        process.env.PORT = process.env.PORT || '8081';","        console.error('server starting on port ' + process.env.PORT);","        local.http.createServer(function (request, response) {","            request.urlParsed = local.url.parse(request.url);","            if (local.assetsDict[request.urlParsed.pathname] !== undefined) {","                response.end(local.assetsDict[request.urlParsed.pathname]);","                return;","            }","            response.statusCode = 404;","            response.end();","        }).listen(process.env.PORT);","        break;","    }","}());",""],"l":{"26":2,"28":2,"33":2,"35":2,"37":2,"38":2,"39":2,"44":1,"51":2,"55":2,"59":2,"61":2,"69":1,"70":2,"76":2,"79":2,"82":2,"83":2,"85":1,"89":2,"92":1,"93":1,"94":1,"96":1,"97":1,"100":1,"101":1,"103":1,"106":1,"108":2,"114":1,"116":1,"118":1,"123":1,"124":2,"125":2,"126":2,"127":2,"128":2,"129":2,"130":1,"133":2,"134":2,"139":2,"143":1,"144":3,"145":1,"149":1,"150":1,"158":1,"160":1,"161":1,"162":1,"164":1,"166":1,"258":1,"259":1,"271":1,"274":6,"275":6,"277":1,"279":2,"281":1,"283":2,"288":1,"289":1,"291":1,"294":1,"302":1,"305":1,"306":1,"309":1,"310":1,"312":1,"313":1,"314":1,"315":1,"316":1,"317":1,"318":1,"320":1,"321":1,"323":1}},"/home/travis/build/npmtest/node-npmtest-chartist/node_modules/chartist/dist/chartist.js":{"path":"/home/travis/build/npmtest/node-npmtest-chartist/node_modules/chartist/dist/chartist.js","s":{"1":3,"2":3,"3":0,"4":0,"5":3,"6":3,"7":0,"8":3,"9":3,"10":0,"11":0,"12":0,"13":0,"14":0,"15":0,"16":0,"17":0,"18":0,"19":0,"20":0,"21":0,"22":0,"23":0,"24":0,"25":0,"26":0,"27":0,"28":0,"29":0,"30":0,"31":0,"32":0,"33":0,"34":0,"35":0,"36":0,"37":0,"38":0,"39":0,"40":0,"41":0,"42":0,"43":0,"44":0,"45":0,"46":0,"47":0,"48":0,"49":0,"50":0,"51":0,"52":0,"53":0,"54":0,"55":0,"56":0,"57":0,"58":0,"59":0,"60":0,"61":0,"62":0,"63":0,"64":0,"65":0,"66":0,"67":0,"68":0,"69":0,"70":0,"71":0,"72":0,"73":0,"74":0,"75":0,"76":0,"77":0,"78":0,"79":0,"80":0,"81":0,"82":0,"83":0,"84":0,"85":0,"86":0,"87":0,"88":0,"89":0,"90":0,"91":0,"92":0,"93":0,"94":0,"95":0,"96":0,"97":0,"98":0,"99":0,"100":0,"101":0,"102":0,"103":0,"104":0,"105":0,"106":0,"107":0,"108":0,"109":0,"110":0,"111":0,"112":0,"113":0,"114":0,"115":0,"116":0,"117":0,"118":0,"119":0,"120":1,"121":0,"122":0,"123":0,"124":0,"125":0,"126":0,"127":0,"128":0,"129":0,"130":0,"131":0,"132":0,"133":0,"134":0,"135":0,"136":0,"137":0,"138":0,"139":0,"140":0,"141":0,"142":0,"143":0,"144":0,"145":0,"146":0,"147":0,"148":0,"149":0,"150":0,"151":0,"152":0,"153":0,"154":0,"155":0,"156":1,"157":0,"158":0,"159":0,"160":0,"161":0,"162":0,"163":0,"164":0,"165":0,"166":0,"167":0,"168":0,"169":0,"170":0,"171":0,"172":0,"173":0,"174":0,"175":0,"176":0,"177":0,"178":0,"179":0,"180":0,"181":0,"182":0,"183":0,"184":0,"185":0,"186":0,"187":0,"188":0,"189":0,"190":0,"191":0,"192":0,"193":0,"194":0,"195":0,"196":0,"197":1,"198":0,"199":0,"200":0,"201":1,"202":0,"203":0,"204":0,"205":0,"206":0,"207":0,"208":0,"209":0,"210":0,"211":0,"212":0,"213":0,"214":0,"215":0,"216":0,"217":0,"218":0,"219":0,"220":0,"221":0,"222":0,"223":0,"224":0,"225":0,"226":0,"227":0,"228":0,"229":0,"230":0,"231":0,"232":0,"233":0,"234":0,"235":0,"236":0,"237":0,"238":0,"239":0,"240":1,"241":0,"242":0,"243":0,"244":0,"245":0,"246":0,"247":0,"248":0,"249":0,"250":0,"251":0,"252":0,"253":0,"254":0,"255":0,"256":0,"257":0,"258":0,"259":0,"260":0,"261":0,"262":0,"263":0,"264":0,"265":0,"266":0,"267":0,"268":0,"269":0,"270":0,"271":0,"272":0,"273":0,"274":0,"275":0,"276":0,"277":0,"278":0,"279":0,"280":0,"281":0,"282":0,"283":0,"284":0,"285":0,"286":0,"287":0,"288":0,"289":0,"290":0,"291":0,"292":0,"293":0,"294":0,"295":0,"296":0,"297":0,"298":0,"299":0,"300":0,"301":0,"302":0,"303":0,"304":0,"305":0,"306":0,"307":0,"308":0,"309":0,"310":0,"311":0,"312":0,"313":0,"314":0,"315":0,"316":0,"317":0,"318":0,"319":0,"320":0,"321":0,"322":0,"323":0,"324":0,"325":0,"326":1,"327":0,"328":0,"329":0,"330":0,"331":0,"332":0,"333":0,"334":0,"335":0,"336":1,"337":0,"338":0,"339":0,"340":0,"341":0,"342":0,"343":0,"344":0,"345":0,"346":0,"347":0,"348":0,"349":0,"350":0,"351":0,"352":0,"353":0,"354":0,"355":0,"356":0,"357":0,"358":0,"359":0,"360":0,"361":0,"362":0,"363":0,"364":0,"365":0,"366":0,"367":0,"368":0,"369":0,"370":0,"371":0,"372":0,"373":0,"374":0,"375":0,"376":0,"377":0,"378":0,"379":0,"380":0,"381":0,"382":0,"383":0,"384":0,"385":0,"386":0,"387":0,"388":0,"389":0,"390":0,"391":0,"392":0,"393":0,"394":0,"395":0,"396":0,"397":0,"398":0,"399":0,"400":0,"401":0,"402":0,"403":0,"404":0,"405":0,"406":0,"407":0,"408":0,"409":0,"410":0,"411":0,"412":0,"413":0,"414":0,"415":0,"416":0,"417":0,"418":0,"419":0,"420":0,"421":0,"422":0,"423":0,"424":0,"425":0,"426":0,"427":0,"428":0,"429":0,"430":0,"431":0,"432":0,"433":0,"434":0,"435":0,"436":0,"437":0,"438":0,"439":0,"440":0,"441":0,"442":0,"443":0,"444":0,"445":0,"446":0,"447":0,"448":0,"449":0,"450":0,"451":0,"452":0,"453":0,"454":0,"455":0,"456":0,"457":0,"458":0,"459":0,"460":0,"461":0,"462":0,"463":0,"464":0,"465":0,"466":0,"467":0,"468":0,"469":0,"470":0,"471":0,"472":0,"473":0,"474":0,"475":0,"476":0,"477":0,"478":0,"479":0,"480":0,"481":0,"482":0,"483":0,"484":0,"485":0,"486":0,"487":0,"488":0,"489":0,"490":0,"491":0,"492":0,"493":0,"494":0,"495":0,"496":0,"497":0,"498":0,"499":0,"500":0,"501":0,"502":0,"503":0,"504":1,"505":0,"506":0,"507":1,"508":0,"509":0,"510":0,"511":0,"512":0,"513":0,"514":1,"515":0,"516":0,"517":0,"518":0,"519":0,"520":0,"521":0,"522":0,"523":1,"524":0,"525":0,"526":0,"527":0,"528":0,"529":1,"530":0,"531":0,"532":0,"533":0,"534":0,"535":0,"536":0,"537":0,"538":0,"539":0,"540":0,"541":0,"542":1,"543":0,"544":0,"545":0,"546":0,"547":0,"548":0,"549":0,"550":0,"551":0,"552":1,"553":0,"554":0,"555":0,"556":0,"557":0,"558":0,"559":0,"560":0,"561":0,"562":0,"563":0,"564":0,"565":0,"566":1,"567":0,"568":0,"569":0,"570":0,"571":0,"572":1,"573":0,"574":0,"575":1,"576":0,"577":0,"578":1,"579":0,"580":0,"581":0,"582":0,"583":0,"584":0,"585":0,"586":0,"587":0,"588":0,"589":0,"590":0,"591":1,"592":0,"593":0,"594":0,"595":0,"596":0,"597":0,"598":0,"599":0,"600":0,"601":0,"602":0,"603":0,"604":0,"605":0,"606":0,"607":0,"608":0,"609":0,"610":0,"611":0,"612":1,"613":0,"614":0,"615":0,"616":0,"617":0,"618":0,"619":0,"620":0,"621":0,"622":0,"623":0,"624":0,"625":0,"626":1,"627":0,"628":0,"629":0,"630":0,"631":0,"632":0,"633":0,"634":0,"635":0,"636":0,"637":0,"638":0,"639":1,"640":0,"641":1,"642":0,"643":1,"644":0,"645":0,"646":0,"647":0,"648":1,"649":0,"650":0,"651":1,"652":0,"653":0,"654":1,"655":0,"656":1,"657":0,"658":0,"659":0,"660":0,"661":0,"662":0,"663":0,"664":0,"665":1,"666":0,"667":0,"668":1,"669":0,"670":0,"671":0,"672":1,"673":0,"674":0,"675":1,"676":0,"677":0,"678":1,"679":0,"680":0,"681":0,"682":0,"683":1,"684":0,"685":1,"686":0,"687":0,"688":0,"689":1,"690":0,"691":0,"692":0,"693":0,"694":1,"695":0,"696":0,"697":1,"698":0,"699":1,"700":0,"701":1,"702":0,"703":0,"704":0,"705":1,"706":0,"707":0,"708":0,"709":0,"710":0,"711":0,"712":0,"713":0,"714":0,"715":0,"716":0,"717":0,"718":0,"719":0,"720":0,"721":0,"722":0,"723":0,"724":0,"725":0,"726":0,"727":0,"728":0,"729":0,"730":0,"731":0,"732":0,"733":0,"734":0,"735":0,"736":0,"737":0,"738":0,"739":0,"740":0,"741":0,"742":0,"743":0,"744":0,"745":0,"746":0,"747":0,"748":0,"749":0,"750":1,"751":0,"752":0,"753":0,"754":0,"755":0,"756":0,"757":0,"758":0,"759":0,"760":0,"761":0,"762":0,"763":0,"764":0,"765":0,"766":1,"767":0,"768":0,"769":1,"770":0,"771":0,"772":0,"773":1,"774":0,"775":0,"776":0,"777":0,"778":1,"779":0,"780":0,"781":0,"782":0,"783":1,"784":0,"785":0,"786":1,"787":0,"788":0,"789":1,"790":0,"791":0,"792":1,"793":0,"794":0,"795":1,"796":0,"797":0,"798":1,"799":0,"800":0,"801":0,"802":0,"803":0,"804":0,"805":0,"806":0,"807":0,"808":0,"809":0,"810":0,"811":0,"812":0,"813":0,"814":0,"815":0,"816":1,"817":0,"818":0,"819":0,"820":0,"821":0,"822":1,"823":0,"824":0,"825":0,"826":1,"827":0,"828":0,"829":0,"830":1,"831":0,"832":0,"833":0,"834":0,"835":0,"836":1,"837":0,"838":0,"839":0,"840":0,"841":0,"842":0,"843":1,"844":0,"845":0,"846":0,"847":0,"848":0,"849":0,"850":1,"851":0,"852":0,"853":0,"854":0,"855":0,"856":0,"857":0,"858":0,"859":0,"860":0,"861":0,"862":1,"863":0,"864":0,"865":0,"866":0,"867":0,"868":0,"869":0,"870":1,"871":0,"872":0,"873":0,"874":0,"875":0,"876":0,"877":0,"878":0,"879":0,"880":0,"881":0,"882":0,"883":0,"884":0,"885":0,"886":0,"887":0,"888":0,"889":0,"890":0,"891":0,"892":0,"893":0,"894":0,"895":0,"896":0,"897":0,"898":0,"899":0,"900":0,"901":1,"902":0,"903":0,"904":0,"905":0,"906":1,"907":0,"908":0,"909":0,"910":1,"911":0,"912":0,"913":0,"914":0,"915":0,"916":0,"917":0,"918":0,"919":0,"920":1,"921":0,"922":0,"923":0,"924":1,"925":0,"926":0,"927":0,"928":1,"929":0,"930":0,"931":0,"932":0,"933":1,"934":0,"935":0,"936":0,"937":0,"938":0,"939":0,"940":0,"941":0,"942":0,"943":0,"944":0,"945":0,"946":0,"947":0,"948":0,"949":0,"950":0,"951":0,"952":0,"953":0,"954":0,"955":0,"956":0,"957":0,"958":0,"959":0,"960":0,"961":0,"962":0,"963":0,"964":0,"965":0,"966":0,"967":0,"968":0,"969":0,"970":0,"971":0,"972":0,"973":0,"974":0,"975":0,"976":0,"977":0,"978":0,"979":0,"980":0,"981":1,"982":0,"983":0,"984":0,"985":0,"986":1,"987":0,"988":0,"989":0,"990":0,"991":0,"992":0,"993":0,"994":0,"995":0,"996":0,"997":0,"998":0,"999":0,"1000":0,"1001":0,"1002":0,"1003":0,"1004":0,"1005":0,"1006":0,"1007":0,"1008":0,"1009":0,"1010":0,"1011":0,"1012":0,"1013":0,"1014":0,"1015":0,"1016":0,"1017":0,"1018":0,"1019":0,"1020":0,"1021":0,"1022":0,"1023":0,"1024":0,"1025":0,"1026":0,"1027":0,"1028":0,"1029":0,"1030":0,"1031":0,"1032":0,"1033":0,"1034":0,"1035":0,"1036":0,"1037":0,"1038":0,"1039":0,"1040":0,"1041":0,"1042":0,"1043":0,"1044":0,"1045":0,"1046":0,"1047":0,"1048":0,"1049":0,"1050":0,"1051":0,"1052":0,"1053":0,"1054":0,"1055":0,"1056":0,"1057":0,"1058":0,"1059":0,"1060":0,"1061":0,"1062":0,"1063":0,"1064":0,"1065":0,"1066":0,"1067":0,"1068":0,"1069":0,"1070":0,"1071":0,"1072":0,"1073":0,"1074":0,"1075":0,"1076":0,"1077":1,"1078":0,"1079":0,"1080":0,"1081":0,"1082":1,"1083":0,"1084":0,"1085":0,"1086":0,"1087":0,"1088":0,"1089":1,"1090":0,"1091":0,"1092":0,"1093":0,"1094":0,"1095":0,"1096":0,"1097":0,"1098":0,"1099":0,"1100":0,"1101":0,"1102":0,"1103":0,"1104":0,"1105":0,"1106":0,"1107":0,"1108":0,"1109":0,"1110":0,"1111":0,"1112":0,"1113":0,"1114":0,"1115":0,"1116":0,"1117":0,"1118":0,"1119":0,"1120":0,"1121":0,"1122":0,"1123":0,"1124":0,"1125":0,"1126":0,"1127":0,"1128":0,"1129":0,"1130":0,"1131":0,"1132":0,"1133":0,"1134":0,"1135":0,"1136":0,"1137":0,"1138":0,"1139":0,"1140":0,"1141":0,"1142":0,"1143":0,"1144":0,"1145":0,"1146":0,"1147":0,"1148":0,"1149":0,"1150":0,"1151":0,"1152":0,"1153":0,"1154":0,"1155":0,"1156":0,"1157":0,"1158":0,"1159":0,"1160":0,"1161":1,"1162":0,"1163":0,"1164":0},"b":{"1":[0,3],"2":[3,0],"3":[3,0],"4":[3,3],"5":[0,0],"6":[0,0],"7":[0,0,0],"8":[0,0],"9":[0,0],"10":[0,0],"11":[0,0],"12":[0,0],"13":[0,0],"14":[0,0],"15":[0,0],"16":[0,0],"17":[0,0],"18":[0,0],"19":[0,0],"20":[0,0],"21":[0,0],"22":[0,0],"23":[0,0],"24":[0,0],"25":[0,0],"26":[0,0,0],"27":[0,0,0,0],"28":[0,0],"29":[0,0],"30":[0,0],"31":[0,0],"32":[0,0],"33":[0,0],"34":[0,0],"35":[0,0],"36":[0,0],"37":[0,0],"38":[0,0],"39":[0,0],"40":[0,0],"41":[0,0],"42":[0,0],"43":[0,0],"44":[0,0],"45":[0,0],"46":[0,0],"47":[0,0],"48":[0,0],"49":[0,0],"50":[0,0],"51":[0,0],"52":[0,0],"53":[0,0],"54":[0,0],"55":[0,0],"56":[0,0],"57":[0,0],"58":[0,0],"59":[0,0],"60":[0,0],"61":[0,0],"62":[0,0],"63":[0,0],"64":[0,0],"65":[0,0],"66":[0,0],"67":[0,0],"68":[0,0],"69":[0,0,0],"70":[0,0],"71":[0,0],"72":[0,0],"73":[0,0],"74":[0,0],"75":[0,0],"76":[0,0],"77":[0,0],"78":[0,0],"79":[0,0,0],"80":[0,0],"81":[0,0],"82":[0,0],"83":[0,0],"84":[0,0],"85":[0,0],"86":[0,0],"87":[0,0],"88":[0,0],"89":[0,0],"90":[0,0],"91":[0,0],"92":[0,0],"93":[0,0,0],"94":[0,0,0],"95":[0,0],"96":[0,0],"97":[0,0],"98":[0,0],"99":[0,0],"100":[0,0,0],"101":[0,0],"102":[0,0],"103":[0,0],"104":[0,0],"105":[0,0],"106":[0,0],"107":[0,0],"108":[0,0],"109":[0,0],"110":[0,0],"111":[0,0,0],"112":[0,0],"113":[0,0],"114":[0,0],"115":[0,0],"116":[0,0],"117":[0,0],"118":[0,0],"119":[0,0],"120":[0,0],"121":[0,0],"122":[0,0],"123":[0,0],"124":[0,0],"125":[0,0],"126":[0,0],"127":[0,0],"128":[0,0],"129":[0,0],"130":[0,0],"131":[0,0],"132":[0,0,0],"133":[0,0],"134":[0,0],"135":[0,0],"136":[0,0],"137":[0,0],"138":[0,0],"139":[0,0],"140":[0,0],"141":[0,0],"142":[0,0],"143":[0,0],"144":[0,0],"145":[0,0,0],"146":[0,0],"147":[0,0],"148":[0,0],"149":[0,0],"150":[0,0],"151":[0,0],"152":[0,0],"153":[0,0],"154":[0,0],"155":[0,0],"156":[0,0],"157":[0,0],"158":[0,0],"159":[0,0],"160":[0,0],"161":[0,0],"162":[0,0],"163":[0,0],"164":[0,0],"165":[0,0],"166":[0,0],"167":[0,0],"168":[0,0],"169":[0,0],"170":[0,0],"171":[0,0],"172":[0,0],"173":[0,0],"174":[0,0],"175":[0,0],"176":[0,0],"177":[0,0],"178":[0,0],"179":[0,0],"180":[0,0],"181":[0,0],"182":[0,0],"183":[0,0],"184":[0,0],"185":[0,0],"186":[0,0],"187":[0,0],"188":[0,0],"189":[0,0],"190":[0,0],"191":[0,0],"192":[0,0],"193":[0,0],"194":[0,0],"195":[0,0],"196":[0,0],"197":[0,0],"198":[0,0],"199":[0,0],"200":[0,0],"201":[0,0],"202":[0,0],"203":[0,0],"204":[0,0],"205":[0,0],"206":[0,0],"207":[0,0],"208":[0,0],"209":[0,0],"210":[0,0],"211":[0,0],"212":[0,0],"213":[0,0],"214":[0,0],"215":[0,0],"216":[0,0],"217":[0,0],"218":[0,0],"219":[0,0],"220":[0,0],"221":[0,0],"222":[0,0],"223":[0,0],"224":[0,0],"225":[0,0],"226":[0,0],"227":[0,0],"228":[0,0],"229":[0,0],"230":[0,0],"231":[0,0],"232":[0,0],"233":[0,0],"234":[0,0],"235":[0,0],"236":[0,0],"237":[0,0],"238":[0,0],"239":[0,0],"240":[0,0],"241":[0,0],"242":[0,0],"243":[0,0],"244":[0,0],"245":[0,0],"246":[0,0],"247":[0,0],"248":[0,0],"249":[0,0],"250":[0,0],"251":[0,0],"252":[0,0],"253":[0,0],"254":[0,0],"255":[0,0],"256":[0,0],"257":[0,0],"258":[0,0],"259":[0,0],"260":[0,0],"261":[0,0],"262":[0,0],"263":[0,0],"264":[0,0],"265":[0,0],"266":[0,0],"267":[0,0],"268":[0,0],"269":[0,0],"270":[0,0],"271":[0,0],"272":[0,0],"273":[0,0],"274":[0,0],"275":[0,0],"276":[0,0],"277":[0,0],"278":[0,0],"279":[0,0],"280":[0,0],"281":[0,0],"282":[0,0],"283":[0,0],"284":[0,0],"285":[0,0],"286":[0,0],"287":[0,0],"288":[0,0],"289":[0,0],"290":[0,0],"291":[0,0,0],"292":[0,0],"293":[0,0,0,0],"294":[0,0],"295":[0,0,0,0],"296":[0,0],"297":[0,0],"298":[0,0],"299":[0,0],"300":[0,0],"301":[0,0],"302":[0,0,0],"303":[0,0],"304":[0,0],"305":[0,0],"306":[0,0],"307":[0,0],"308":[0,0],"309":[0,0],"310":[0,0],"311":[0,0],"312":[0,0],"313":[0,0],"314":[0,0],"315":[0,0],"316":[0,0],"317":[0,0],"318":[0,0],"319":[0,0],"320":[0,0],"321":[0,0],"322":[0,0],"323":[0,0],"324":[0,0],"325":[0,0],"326":[0,0],"327":[0,0],"328":[0,0]},"f":{"1":3,"2":0,"3":3,"4":0,"5":0,"6":0,"7":0,"8":0,"9":0,"10":0,"11":0,"12":0,"13":0,"14":0,"15":0,"16":0,"17":0,"18":0,"19":0,"20":0,"21":0,"22":0,"23":0,"24":0,"25":0,"26":0,"27":0,"28":0,"29":0,"30":0,"31":0,"32":0,"33":0,"34":0,"35":0,"36":0,"37":0,"38":0,"39":0,"40":0,"41":0,"42":0,"43":0,"44":0,"45":0,"46":0,"47":0,"48":0,"49":0,"50":0,"51":0,"52":0,"53":0,"54":0,"55":0,"56":0,"57":0,"58":0,"59":0,"60":0,"61":0,"62":0,"63":0,"64":0,"65":0,"66":0,"67":0,"68":0,"69":0,"70":0,"71":0,"72":0,"73":0,"74":0,"75":0,"76":0,"77":0,"78":0,"79":0,"80":0,"81":0,"82":0,"83":0,"84":0,"85":0,"86":0,"87":0,"88":0,"89":0,"90":0,"91":0,"92":0,"93":0,"94":0,"95":0,"96":0,"97":0,"98":0,"99":0,"100":0,"101":0,"102":0,"103":0,"104":0,"105":0,"106":0,"107":0,"108":0,"109":0,"110":0,"111":0,"112":0,"113":0,"114":0,"115":0,"116":0,"117":0,"118":0,"119":0,"120":0,"121":0,"122":0,"123":0,"124":0,"125":0,"126":0,"127":0,"128":0,"129":0,"130":0,"131":0,"132":0,"133":0,"134":0,"135":0,"136":0,"137":0,"138":0,"139":0,"140":0,"141":0,"142":0,"143":0,"144":0,"145":0,"146":0,"147":0,"148":0,"149":0,"150":0,"151":0,"152":0,"153":0,"154":0,"155":0,"156":0,"157":0,"158":0,"159":0,"160":0,"161":0,"162":0,"163":0,"164":0,"165":0,"166":0,"167":0,"168":0,"169":0,"170":0,"171":0,"172":0,"173":0,"174":0,"175":0,"176":0,"177":0,"178":0,"179":0,"180":0,"181":0,"182":0,"183":0,"184":0,"185":0,"186":0,"187":0,"188":0,"189":0,"190":0,"191":0,"192":0,"193":0,"194":0,"195":0,"196":0,"197":0,"198":0,"199":0,"200":0,"201":0,"202":0,"203":0,"204":0,"205":0,"206":0,"207":0,"208":0,"209":0,"210":0,"211":0,"212":0,"213":0,"214":0,"215":0,"216":0,"217":0},"fnMap":{"1":{"name":"(anonymous_1)","line":1,"loc":{"start":{"line":1,"column":1},"end":{"line":1,"column":26}}},"2":{"name":"(anonymous_2)","line":4,"loc":{"start":{"line":4,"column":27},"end":{"line":4,"column":39}}},"3":{"name":"(anonymous_3)","line":15,"loc":{"start":{"line":15,"column":8},"end":{"line":15,"column":20}}},"4":{"name":"(anonymous_4)","line":32,"loc":{"start":{"line":32,"column":1},"end":{"line":32,"column":39}}},"5":{"name":"(anonymous_5)","line":56,"loc":{"start":{"line":56,"column":18},"end":{"line":56,"column":31}}},"6":{"name":"(anonymous_6)","line":67,"loc":{"start":{"line":67,"column":27},"end":{"line":67,"column":40}}},"7":{"name":"(anonymous_7)","line":80,"loc":{"start":{"line":80,"column":20},"end":{"line":80,"column":38}}},"8":{"name":"(anonymous_8)","line":108,"loc":{"start":{"line":108,"column":24},"end":{"line":108,"column":57}}},"9":{"name":"(anonymous_9)","line":120,"loc":{"start":{"line":120,"column":24},"end":{"line":120,"column":46}}},"10":{"name":"(anonymous_10)","line":135,"loc":{"start":{"line":135,"column":22},"end":{"line":135,"column":38}}},"11":{"name":"(anonymous_11)","line":153,"loc":{"start":{"line":153,"column":27},"end":{"line":153,"column":43}}},"12":{"name":"(anonymous_12)","line":164,"loc":{"start":{"line":164,"column":19},"end":{"line":164,"column":36}}},"13":{"name":"(anonymous_13)","line":176,"loc":{"start":{"line":176,"column":17},"end":{"line":176,"column":45}}},"14":{"name":"(anonymous_14)","line":187,"loc":{"start":{"line":187,"column":25},"end":{"line":187,"column":42}}},"15":{"name":"(anonymous_15)","line":188,"loc":{"start":{"line":188,"column":11},"end":{"line":188,"column":25}}},"16":{"name":"(anonymous_16)","line":200,"loc":{"start":{"line":200,"column":20},"end":{"line":200,"column":37}}},"17":{"name":"(anonymous_17)","line":201,"loc":{"start":{"line":201,"column":11},"end":{"line":201,"column":25}}},"18":{"name":"(anonymous_18)","line":214,"loc":{"start":{"line":214,"column":23},"end":{"line":214,"column":41}}},"19":{"name":"(anonymous_19)","line":216,"loc":{"start":{"line":216,"column":46},"end":{"line":216,"column":58}}},"20":{"name":"(anonymous_20)","line":220,"loc":{"start":{"line":220,"column":35},"end":{"line":220,"column":54}}},"21":{"name":"(anonymous_21)","line":221,"loc":{"start":{"line":221,"column":25},"end":{"line":221,"column":37}}},"22":{"name":"(anonymous_22)","line":239,"loc":{"start":{"line":239,"column":32},"end":{"line":239,"column":56}}},"23":{"name":"(anonymous_23)","line":274,"loc":{"start":{"line":274,"column":23},"end":{"line":274,"column":38}}},"24":{"name":"(anonymous_24)","line":283,"loc":{"start":{"line":283,"column":52},"end":{"line":283,"column":74}}},"25":{"name":"(anonymous_25)","line":295,"loc":{"start":{"line":295,"column":25},"end":{"line":295,"column":40}}},"26":{"name":"(anonymous_26)","line":300,"loc":{"start":{"line":300,"column":52},"end":{"line":300,"column":74}}},"27":{"name":"(anonymous_27)","line":322,"loc":{"start":{"line":322,"column":23},"end":{"line":322,"column":70}}},"28":{"name":"filterChartistSvgObjects","line":330,"loc":{"start":{"line":330,"column":73},"end":{"line":330,"column":112}}},"29":{"name":"removePreviousElement","line":332,"loc":{"start":{"line":332,"column":15},"end":{"line":332,"column":51}}},"30":{"name":"(anonymous_30)","line":357,"loc":{"start":{"line":357,"column":27},"end":{"line":357,"column":58}}},"31":{"name":"(anonymous_31)","line":371,"loc":{"start":{"line":371,"column":39},"end":{"line":371,"column":55}}},"32":{"name":"(anonymous_32)","line":375,"loc":{"start":{"line":375,"column":69},"end":{"line":375,"column":86}}},"33":{"name":"(anonymous_33)","line":387,"loc":{"start":{"line":387,"column":84},"end":{"line":387,"column":95}}},"34":{"name":"(anonymous_34)","line":406,"loc":{"start":{"line":406,"column":29},"end":{"line":406,"column":56}}},"35":{"name":"(anonymous_35)","line":418,"loc":{"start":{"line":418,"column":29},"end":{"line":418,"column":45}}},"36":{"name":"(anonymous_36)","line":430,"loc":{"start":{"line":430,"column":25},"end":{"line":430,"column":40}}},"37":{"name":"(anonymous_37)","line":451,"loc":{"start":{"line":451,"column":26},"end":{"line":451,"column":57}}},"38":{"name":"recursiveConvert","line":454,"loc":{"start":{"line":454,"column":4},"end":{"line":454,"column":37}}},"39":{"name":"(anonymous_39)","line":505,"loc":{"start":{"line":505,"column":30},"end":{"line":505,"column":58}}},"40":{"name":"(anonymous_40)","line":521,"loc":{"start":{"line":521,"column":25},"end":{"line":521,"column":49}}},"41":{"name":"(anonymous_41)","line":533,"loc":{"start":{"line":533,"column":30},"end":{"line":533,"column":47}}},"42":{"name":"(anonymous_42)","line":546,"loc":{"start":{"line":546,"column":27},"end":{"line":546,"column":65}}},"43":{"name":"(anonymous_43)","line":558,"loc":{"start":{"line":558,"column":32},"end":{"line":558,"column":56}}},"44":{"name":"(anonymous_44)","line":571,"loc":{"start":{"line":571,"column":24},"end":{"line":571,"column":60}}},"45":{"name":"recursiveHighLow","line":583,"loc":{"start":{"line":583,"column":4},"end":{"line":583,"column":36}}},"46":{"name":"(anonymous_46)","line":645,"loc":{"start":{"line":645,"column":23},"end":{"line":645,"column":39}}},"47":{"name":"(anonymous_47)","line":656,"loc":{"start":{"line":656,"column":29},"end":{"line":656,"column":45}}},"48":{"name":"(anonymous_48)","line":667,"loc":{"start":{"line":667,"column":34},"end":{"line":667,"column":50}}},"49":{"name":"(anonymous_49)","line":677,"loc":{"start":{"line":677,"column":26},"end":{"line":677,"column":42}}},"50":{"name":"(anonymous_50)","line":690,"loc":{"start":{"line":690,"column":27},"end":{"line":690,"column":54}}},"51":{"name":"(anonymous_51)","line":705,"loc":{"start":{"line":705,"column":17},"end":{"line":705,"column":31}}},"52":{"name":"gcd","line":710,"loc":{"start":{"line":710,"column":4},"end":{"line":710,"column":23}}},"53":{"name":"f","line":718,"loc":{"start":{"line":718,"column":4},"end":{"line":718,"column":18}}},"54":{"name":"(anonymous_54)","line":746,"loc":{"start":{"line":746,"column":23},"end":{"line":746,"column":82}}},"55":{"name":"safeIncrement","line":801,"loc":{"start":{"line":801,"column":4},"end":{"line":801,"column":45}}},"56":{"name":"(anonymous_56)","line":843,"loc":{"start":{"line":843,"column":30},"end":{"line":843,"column":82}}},"57":{"name":"(anonymous_57)","line":861,"loc":{"start":{"line":861,"column":29},"end":{"line":861,"column":70}}},"58":{"name":"(anonymous_58)","line":876,"loc":{"start":{"line":876,"column":13},"end":{"line":876,"column":25}}},"59":{"name":"(anonymous_59)","line":879,"loc":{"start":{"line":879,"column":14},"end":{"line":879,"column":26}}},"60":{"name":"(anonymous_60)","line":923,"loc":{"start":{"line":923,"column":24},"end":{"line":923,"column":102}}},"61":{"name":"(anonymous_61)","line":953,"loc":{"start":{"line":953,"column":34},"end":{"line":953,"column":91}}},"62":{"name":"(anonymous_62)","line":985,"loc":{"start":{"line":985,"column":25},"end":{"line":985,"column":146}}},"63":{"name":"(anonymous_63)","line":1030,"loc":{"start":{"line":1030,"column":29},"end":{"line":1030,"column":60}}},"64":{"name":"(anonymous_64)","line":1048,"loc":{"start":{"line":1048,"column":29},"end":{"line":1048,"column":81}}},"65":{"name":"updateCurrentOptions","line":1054,"loc":{"start":{"line":1054,"column":4},"end":{"line":1054,"column":46}}},"66":{"name":"removeMediaQueryListeners","line":1075,"loc":{"start":{"line":1075,"column":4},"end":{"line":1075,"column":41}}},"67":{"name":"(anonymous_67)","line":1076,"loc":{"start":{"line":1076,"column":34},"end":{"line":1076,"column":48}}},"68":{"name":"getCurrentOptions","line":1096,"loc":{"start":{"line":1096,"column":25},"end":{"line":1096,"column":54}}},"69":{"name":"(anonymous_69)","line":1127,"loc":{"start":{"line":1127,"column":31},"end":{"line":1127,"column":77}}},"70":{"name":"(anonymous_70)","line":1177,"loc":{"start":{"line":1177,"column":1},"end":{"line":1177,"column":38}}},"71":{"name":"(anonymous_71)","line":1199,"loc":{"start":{"line":1199,"column":32},"end":{"line":1199,"column":50}}},"72":{"name":"none","line":1204,"loc":{"start":{"line":1204,"column":11},"end":{"line":1204,"column":53}}},"73":{"name":"(anonymous_73)","line":1254,"loc":{"start":{"line":1254,"column":34},"end":{"line":1254,"column":52}}},"74":{"name":"simple","line":1263,"loc":{"start":{"line":1263,"column":11},"end":{"line":1263,"column":55}}},"75":{"name":"(anonymous_75)","line":1324,"loc":{"start":{"line":1324,"column":36},"end":{"line":1324,"column":54}}},"76":{"name":"cardinal","line":1335,"loc":{"start":{"line":1335,"column":11},"end":{"line":1335,"column":57}}},"77":{"name":"(anonymous_77)","line":1350,"loc":{"start":{"line":1350,"column":25},"end":{"line":1350,"column":43}}},"78":{"name":"(anonymous_78)","line":1433,"loc":{"start":{"line":1433,"column":41},"end":{"line":1433,"column":59}}},"79":{"name":"monotoneCubic","line":1440,"loc":{"start":{"line":1440,"column":11},"end":{"line":1440,"column":62}}},"80":{"name":"(anonymous_80)","line":1456,"loc":{"start":{"line":1456,"column":25},"end":{"line":1456,"column":43}}},"81":{"name":"(anonymous_81)","line":1561,"loc":{"start":{"line":1561,"column":32},"end":{"line":1561,"column":50}}},"82":{"name":"step","line":1569,"loc":{"start":{"line":1569,"column":11},"end":{"line":1569,"column":53}}},"83":{"name":"(anonymous_83)","line":1614,"loc":{"start":{"line":1614,"column":1},"end":{"line":1614,"column":39}}},"84":{"name":"(anonymous_84)","line":1617,"loc":{"start":{"line":1617,"column":26},"end":{"line":1617,"column":38}}},"85":{"name":"addEventHandler","line":1627,"loc":{"start":{"line":1627,"column":4},"end":{"line":1627,"column":45}}},"86":{"name":"removeEventHandler","line":1639,"loc":{"start":{"line":1639,"column":4},"end":{"line":1639,"column":48}}},"87":{"name":"emit","line":1662,"loc":{"start":{"line":1662,"column":4},"end":{"line":1662,"column":31}}},"88":{"name":"(anonymous_88)","line":1665,"loc":{"start":{"line":1665,"column":32},"end":{"line":1665,"column":50}}},"89":{"name":"(anonymous_89)","line":1672,"loc":{"start":{"line":1672,"column":30},"end":{"line":1672,"column":52}}},"90":{"name":"(anonymous_90)","line":1692,"loc":{"start":{"line":1692,"column":1},"end":{"line":1692,"column":38}}},"91":{"name":"listToArray","line":1695,"loc":{"start":{"line":1695,"column":2},"end":{"line":1695,"column":29}}},"92":{"name":"extend","line":1746,"loc":{"start":{"line":1746,"column":2},"end":{"line":1746,"column":50}}},"93":{"name":"(anonymous_93)","line":1752,"loc":{"start":{"line":1752,"column":17},"end":{"line":1752,"column":28}}},"94":{"name":"(anonymous_94)","line":1753,"loc":{"start":{"line":1753,"column":36},"end":{"line":1753,"column":48}}},"95":{"name":"cloneDefinitions","line":1774,"loc":{"start":{"line":1774,"column":2},"end":{"line":1774,"column":30}}},"96":{"name":"(anonymous_96)","line":1778,"loc":{"start":{"line":1778,"column":44},"end":{"line":1778,"column":62}}},"97":{"name":"(anonymous_97)","line":1779,"loc":{"start":{"line":1779,"column":49},"end":{"line":1779,"column":69}}},"98":{"name":"(anonymous_98)","line":1803,"loc":{"start":{"line":1803,"column":1},"end":{"line":1803,"column":38}}},"99":{"name":"update","line":1820,"loc":{"start":{"line":1820,"column":2},"end":{"line":1820,"column":43}}},"100":{"name":"detach","line":1857,"loc":{"start":{"line":1857,"column":2},"end":{"line":1857,"column":20}}},"101":{"name":"on","line":1877,"loc":{"start":{"line":1877,"column":2},"end":{"line":1877,"column":30}}},"102":{"name":"off","line":1889,"loc":{"start":{"line":1889,"column":2},"end":{"line":1889,"column":31}}},"103":{"name":"initialize","line":1894,"loc":{"start":{"line":1894,"column":2},"end":{"line":1894,"column":24}}},"104":{"name":"(anonymous_104)","line":1902,"loc":{"start":{"line":1902,"column":56},"end":{"line":1902,"column":67}}},"105":{"name":"(anonymous_105)","line":1909,"loc":{"start":{"line":1909,"column":35},"end":{"line":1909,"column":52}}},"106":{"name":"Base","line":1942,"loc":{"start":{"line":1942,"column":2},"end":{"line":1942,"column":73}}},"107":{"name":"resizeListener","line":1953,"loc":{"start":{"line":1953,"column":26},"end":{"line":1953,"column":51}}},"108":{"name":"(anonymous_108)","line":1978,"loc":{"start":{"line":1978,"column":17},"end":{"line":1978,"column":28}}},"109":{"name":"(anonymous_109)","line":1996,"loc":{"start":{"line":1996,"column":1},"end":{"line":1996,"column":38}}},"110":{"name":"Svg","line":2010,"loc":{"start":{"line":2010,"column":2},"end":{"line":2010,"column":65}}},"111":{"name":"attr","line":2050,"loc":{"start":{"line":2050,"column":2},"end":{"line":2050,"column":32}}},"112":{"name":"(anonymous_112)","line":2059,"loc":{"start":{"line":2059,"column":36},"end":{"line":2059,"column":50}}},"113":{"name":"elem","line":2086,"loc":{"start":{"line":2086,"column":2},"end":{"line":2086,"column":58}}},"114":{"name":"parent","line":2096,"loc":{"start":{"line":2096,"column":2},"end":{"line":2096,"column":20}}},"115":{"name":"root","line":2106,"loc":{"start":{"line":2106,"column":2},"end":{"line":2106,"column":18}}},"116":{"name":"querySelector","line":2121,"loc":{"start":{"line":2121,"column":2},"end":{"line":2121,"column":35}}},"117":{"name":"querySelectorAll","line":2133,"loc":{"start":{"line":2133,"column":2},"end":{"line":2133,"column":38}}},"118":{"name":"getNode","line":2144,"loc":{"start":{"line":2144,"column":2},"end":{"line":2144,"column":21}}},"119":{"name":"foreignObject","line":2158,"loc":{"start":{"line":2158,"column":2},"end":{"line":2158,"column":70}}},"120":{"name":"text","line":2187,"loc":{"start":{"line":2187,"column":2},"end":{"line":2187,"column":19}}},"121":{"name":"empty","line":2198,"loc":{"start":{"line":2198,"column":2},"end":{"line":2198,"column":19}}},"122":{"name":"remove","line":2212,"loc":{"start":{"line":2212,"column":2},"end":{"line":2212,"column":20}}},"123":{"name":"replace","line":2224,"loc":{"start":{"line":2224,"column":2},"end":{"line":2224,"column":31}}},"124":{"name":"append","line":2237,"loc":{"start":{"line":2237,"column":2},"end":{"line":2237,"column":40}}},"125":{"name":"classes","line":2253,"loc":{"start":{"line":2253,"column":2},"end":{"line":2253,"column":21}}},"126":{"name":"addClass","line":2264,"loc":{"start":{"line":2264,"column":2},"end":{"line":2264,"column":27}}},"127":{"name":"(anonymous_127)","line":2268,"loc":{"start":{"line":2268,"column":16},"end":{"line":2268,"column":42}}},"128":{"name":"removeClass","line":2283,"loc":{"start":{"line":2283,"column":2},"end":{"line":2283,"column":30}}},"129":{"name":"(anonymous_129)","line":2286,"loc":{"start":{"line":2286,"column":69},"end":{"line":2286,"column":84}}},"130":{"name":"removeAllClasses","line":2299,"loc":{"start":{"line":2299,"column":2},"end":{"line":2299,"column":30}}},"131":{"name":"height","line":2311,"loc":{"start":{"line":2311,"column":2},"end":{"line":2311,"column":20}}},"132":{"name":"width","line":2321,"loc":{"start":{"line":2321,"column":2},"end":{"line":2321,"column":19}}},"133":{"name":"animate","line":2366,"loc":{"start":{"line":2366,"column":2},"end":{"line":2366,"column":53}}},"134":{"name":"createAnimateForAttributes","line":2371,"loc":{"start":{"line":2371,"column":36},"end":{"line":2371,"column":83}}},"135":{"name":"createAnimate","line":2373,"loc":{"start":{"line":2373,"column":6},"end":{"line":2373,"column":58}}},"136":{"name":"(anonymous_136)","line":2418,"loc":{"start":{"line":2418,"column":21},"end":{"line":2418,"column":32}}},"137":{"name":"handleBeginEvent","line":2435,"loc":{"start":{"line":2435,"column":55},"end":{"line":2435,"column":83}}},"138":{"name":"handleEndEvent","line":2444,"loc":{"start":{"line":2444,"column":51},"end":{"line":2444,"column":77}}},"139":{"name":"(anonymous_139)","line":2465,"loc":{"start":{"l
[...]
eries = data.raw.series.filter(function(val) {","      return val.hasOwnProperty('value') ? val.value !== 0 : val !== 0;","    }).length === 1;","","    // Creating the series groups","    data.raw.series.forEach(function(series, index) {","      seriesGroups[index] = this.svg.elem('g', null, null);","    }.bind(this));","    //if we need to show labels we create the label group now","    if(options.showLabel) {","      labelsGroup = this.svg.elem('g', null, null);","    }","","    // Draw the series","    // initialize series groups","    data.raw.series.forEach(function(series, index) {","      // If current value is zero and we are ignoring empty values then skip to next value","      if (data.normalized.series[index] === 0 && options.ignoreEmptyValues) return;","","      // If the series is an object and contains a name or meta data we add a custom attribute","      seriesGroups[index].attr({","        'ct:series-name': series.name","      });","","      // Use series class from series data or if not set generate one","      seriesGroups[index].addClass([","        options.classNames.series,","        (series.className || options.classNames.series + '-' + Chartist.alphaNumerate(index))","      ].join(' '));","","      // If the whole dataset is 0 endAngle should be zero. Can't divide by 0.","      var endAngle = (totalDataSum > 0 ? startAngle + data.normalized.series[index] / totalDataSum * 360 : 0);","","      // Use slight offset so there are no transparent hairline issues","      var overlappigStartAngle = Math.max(0, startAngle - (index === 0 || hasSingleValInSeries ? 0 : 0.2));","","      // If we need to draw the arc for all 360 degrees we need to add a hack where we close the circle","      // with Z and use 359.99 degrees","      if(endAngle - overlappigStartAngle >= 359.99) {","        endAngle = overlappigStartAngle + 359.99;","      }","","      var start = Chartist.polarToCartesian(center.x, center.y, radius, overlappigStartAngle),","        end = Chartist.polarToCartesian(center.x, center.y, radius, endAngle);","","      var innerStart,","        innerEnd,","        donutSolidRadius;","","      // Create a new path element for the pie chart. If this isn't a donut chart we should close the path for a correct stroke","      var path = new Chartist.Svg.Path(!options.donut || options.donutSolid)","        .move(end.x, end.y)","        .arc(radius, radius, 0, endAngle - startAngle > 180, 0, start.x, start.y);","","      // If regular pie chart (no donut) we add a line to the center of the circle for completing the pie","      if(!options.donut) {","        path.line(center.x, center.y);","      } else if (options.donutSolid) {","        donutSolidRadius = radius - donutWidth.value;","        innerStart = Chartist.polarToCartesian(center.x, center.y, donutSolidRadius, startAngle - (index === 0 || hasSingleValInSeries ? 0 : 0.2));","        innerEnd = Chartist.polarToCartesian(center.x, center.y, donutSolidRadius, endAngle);","        path.line(innerStart.x, innerStart.y);","        path.arc(donutSolidRadius, donutSolidRadius, 0, endAngle - startAngle  > 180, 1, innerEnd.x, innerEnd.y);","      }","","      // Create the SVG path","      // If this is a donut chart we add the donut class, otherwise just a regular slice","      var pathClassName = options.classNames.slicePie;","      if (options.donut) {","        pathClassName = options.classNames.sliceDonut;","        if (options.donutSolid) {","          pathClassName = options.classNames.sliceDonutSolid;","        }","      }","      var pathElement = seriesGroups[index].elem('path', {","        d: path.stringify()","      }, pathClassName);","","      // Adding the pie series value to the path","      pathElement.attr({","        'ct:value': data.normalized.series[index],","        'ct:meta': Chartist.serialize(series.meta)","      });","","      // If this is a donut, we add the stroke-width as style attribute","      if(options.donut && !options.donutSolid) {","        pathElement._node.style.strokeWidth = donutWidth.value + 'px';","      }","","      // Fire off draw event","      this.eventEmitter.emit('draw', {","        type: 'slice',","        value: data.normalized.series[index],","        totalDataSum: totalDataSum,","        index: index,","        meta: series.meta,","        series: series,","        group: seriesGroups[index],","        element: pathElement,","        path: path.clone(),","        center: center,","        radius: radius,","        startAngle: startAngle,","        endAngle: endAngle","      });","","      // If we need to show labels we need to add the label for this slice now","      if(options.showLabel) {","        var labelPosition;","        if(data.raw.series.length === 1) {","          // If we have only 1 series, we can position the label in the center of the pie","          labelPosition = {","            x: center.x,","            y: center.y","          };","        } else {","          // Position at the labelRadius distance from center and between start and end angle","          labelPosition = Chartist.polarToCartesian(","            center.x,","            center.y,","            labelRadius,","            startAngle + (endAngle - startAngle) / 2","          );","        }","","        var rawValue;","        if(data.normalized.labels && !Chartist.isFalseyButZero(data.normalized.labels[index])) {","          rawValue = data.normalized.labels[index];","        } else {","          rawValue = data.normalized.series[index];","        }","","        var interpolatedValue = options.labelInterpolationFnc(rawValue, index);","","        if(interpolatedValue || interpolatedValue === 0) {","          var labelElement = labelsGroup.elem('text', {","            dx: labelPosition.x,","            dy: labelPosition.y,","            'text-anchor': determineAnchorPosition(center, labelPosition, options.labelDirection)","          }, options.classNames.label).text('' + interpolatedValue);","","          // Fire off draw event","          this.eventEmitter.emit('draw', {","            type: 'label',","            index: index,","            group: labelsGroup,","            element: labelElement,","            text: '' + interpolatedValue,","            x: labelPosition.x,","            y: labelPosition.y","          });","        }","      }","","      // Set next startAngle to current endAngle.","      // (except for last slice)","      startAngle = endAngle;","    }.bind(this));","","    this.eventEmitter.emit('created', {","      chartRect: chartRect,","      svg: this.svg,","      options: options","    });","  }","","  /**","   * This method creates a new pie chart and returns an object that can be used to redraw the chart.","   *","   * @memberof Chartist.Pie","   * @param {String|Node} query A selector query string or directly a DOM element","   * @param {Object} data The data object in the pie chart needs to have a series property with a one dimensional data array. The values will be normalized against each other and don't necessarily need to be in percentage. The series property can also be an array of value objects that contain a value property and a className property to override the CSS class name for the series group.","   * @param {Object} [options] The options object with options that override the default options. Check the examples for a detailed list.","   * @param {Array} [responsiveOptions] Specify an array of responsive option arrays which are a media query and options object pair => [[mediaQueryString, optionsObject],[more...]]","   * @return {Object} An object with a version and an update method to manually redraw the chart","   *","   * @example","   * // Simple pie chart example with four series","   * new Chartist.Pie('.ct-chart', {","   *   series: [10, 2, 4, 3]","   * });","   *","   * @example","   * // Drawing a donut chart","   * new Chartist.Pie('.ct-chart', {","   *   series: [10, 2, 4, 3]","   * }, {","   *   donut: true","   * });","   *","   * @example","   * // Using donut, startAngle and total to draw a gauge chart","   * new Chartist.Pie('.ct-chart', {","   *   series: [20, 10, 30, 40]","   * }, {","   *   donut: true,","   *   donutWidth: 20,","   *   startAngle: 270,","   *   total: 200","   * });","   *","   * @example","   * // Drawing a pie chart with padding and labels that are outside the pie","   * new Chartist.Pie('.ct-chart', {","   *   series: [20, 10, 30, 40]","   * }, {","   *   chartPadding: 30,","   *   labelOffset: 50,","   *   labelDirection: 'explode'","   * });","   *","   * @example","   * // Overriding the class names for individual series as well as a name and meta data.","   * // The name will be written as ct:series-name attribute and the meta data will be serialized and written","   * // to a ct:meta attribute.","   * new Chartist.Pie('.ct-chart', {","   *   series: [{","   *     value: 20,","   *     name: 'Series 1',","   *     className: 'my-custom-class-one',","   *     meta: 'Meta One'","   *   }, {","   *     value: 10,","   *     name: 'Series 2',","   *     className: 'my-custom-class-two',","   *     meta: 'Meta Two'","   *   }, {","   *     value: 70,","   *     name: 'Series 3',","   *     className: 'my-custom-class-three',","   *     meta: 'Meta Three'","   *   }]","   * });","   */","  function Pie(query, data, options, responsiveOptions) {","    Chartist.Pie.super.constructor.call(this,","      query,","      data,","      defaultOptions,","      Chartist.extend({}, defaultOptions, options),","      responsiveOptions);","  }","","  // Creating pie chart type in Chartist namespace","  Chartist.Pie = Chartist.Base.extend({","    constructor: Pie,","    createChart: createChart,","    determineAnchorPosition: determineAnchorPosition","  });","","}(window, document, Chartist));","","return Chartist;","","}));",""],"l":{"1":3,"2":3,"4":0,"5":0,"7":3,"11":3,"13":0,"28":3,"32":3,"41":0,"56":0,"57":0,"67":0,"69":0,"80":0,"81":0,"82":0,"84":0,"85":0,"86":0,"87":0,"88":0,"89":0,"91":0,"96":0,"108":0,"109":0,"120":0,"121":0,"122":0,"125":0,"135":0,"136":0,"137":0,"138":0,"143":0,"153":0,"154":0,"164":0,"165":0,"176":0,"177":0,"187":0,"188":0,"189":0,"200":0,"201":0,"202":0,"214":0,"215":0,"217":0,"220":0,"221":0,"222":0,"225":0,"228":0,"239":0,"240":0,"241":0,"250":0,"258":0,"274":0,"275":0,"276":0,"277":0,"278":0,"279":0,"280":0,"283":0,"284":0,"295":0,"296":0,"297":0,"300":0,"301":0,"304":0,"305":0,"306":0,"309":0,"322":0,"323":0,"325":0,"326":0,"330":0,"331":0,"333":0,"337":0,"342":0,"343":0,"346":0,"348":0,"357":0,"358":0,"359":0,"365":0,"371":0,"372":0,"375":0,"376":0,"380":0,"383":0,"385":0,"388":0,"392":0,"393":0,"396":0,"406":0,"407":0,"418":0,"419":0,"430":0,"431":0,"432":0,"433":0,"434":0,"435":0,"436":0,"437":0,"451":0,"454":1,"455":0,"457":0,"458":0,"460":0,"461":0,"463":0,"464":0,"467":0,"470":0,"471":0,"476":0,"477":0,"479":0,"482":0,"483":0,"485":0,"489":0,"494":0,"505":0,"506":0,"508":0,"521":0,"522":0,"523":0,"533":0,"534":0,"546":0,"547":0,"558":0,"559":0,"571":0,"573":0,"575":0,"579":0,"580":0,"583":1,"584":0,"585":0,"586":0,"587":0,"588":0,"591":0,"593":0,"594":0,"597":0,"598":0,"604":0,"605":0,"611":0,"612":0,"613":0,"618":0,"620":0,"621":0,"622":0,"624":0,"625":0,"627":0,"630":0,"631":0,"635":0,"645":0,"646":0,"656":0,"657":0,"667":0,"668":0,"677":0,"678":0,"690":0,"691":0,"692":0,"694":0,"705":0,"706":0,"707":0,"710":1,"711":0,"712":0,"714":0,"718":1,"719":0,"722":0,"723":0,"724":0,"727":0,"728":0,"729":0,"730":0,"733":0,"746":0,"747":0,"756":0,"757":0,"758":0,"759":0,"760":0,"761":0,"762":0,"766":0,"767":0,"768":0,"771":0,"772":0,"773":0,"777":0,"780":0,"781":0,"782":0,"783":0,"784":0,"785":0,"786":0,"787":0,"790":0,"793":0,"794":0,"799":0,"800":0,"801":1,"803":0,"804":0,"806":0,"810":0,"811":0,"812":0,"813":0,"815":0,"816":0,"818":0,"819":0,"820":0,"822":0,"823":0,"824":0,"825":0,"826":0,"829":0,"830":0,"843":0,"844":0,"846":0,"861":0,"862":0,"863":0,"864":0,"866":0,"867":0,"868":0,"871":0,"872":0,"874":0,"877":0,"880":0,"884":0,"885":0,"886":0,"887":0,"889":0,"890":0,"893":0,"894":0,"895":0,"897":0,"898":0,"901":0,"902":0,"903":0,"904":0,"907":0,"923":0,"924":0,"925":0,"926":0,"927":0,"928":0,"930":0,"933":0,"953":0,"954":0,"962":0,"985":0,"986":0,"987":0,"989":0,"990":0,"991":0,"992":0,"994":0,"997":0,"998":0,"999":0,"1000":0,"1001":0,"1002":0,"1004":0,"1008":0,"1011":0,"1030":0,"1031":0,"1032":0,"1033":0,"1035":0,"1048":0,"1049":0,"1054":1,"1055":0,"1056":0,"1058":0,"1059":0,"1060":0,"1061":0,"1062":0,"1067":0,"1068":0,"1075":1,"1076":0,"1077":0,"1081":0,"1082":0,"1083":0,"1085":0,"1086":0,"1087":0,"1088":0,"1092":0,"1094":0,"1097":0,"1127":0,"1128":0,"1133":0,"1135":0,"1136":0,"1138":0,"1140":0,"1142":0,"1143":0,"1146":0,"1148":0,"1153":0,"1154":0,"1159":0,"1163":0,"1164":0,"1168":0,"1177":0,"1180":0,"1199":0,"1200":0,"1203":0,"1204":0,"1205":0,"1206":0,"1208":0,"1209":0,"1210":0,"1211":0,"1213":0,"1215":0,"1216":0,"1218":0,"1221":0,"1222":0,"1223":0,"1227":0,"1254":0,"1255":0,"1259":0,"1261":0,"1263":0,"1264":0,"1265":0,"1267":0,"1268":0,"1269":0,"1270":0,"1271":0,"1273":0,"1275":0,"1276":0,"1278":0,"1290":0,"1291":0,"1292":0,"1293":0,"1294":0,"1298":0,"1324":0,"1325":0,"1330":0,"1332":0,"1335":0,"1338":0,"1342":0,"1344":0,"1345":0,"1348":0,"1350":0,"1351":0,"1354":0,"1358":0,"1359":0,"1362":0,"1363":0,"1366":0,"1369":0,"1370":0,"1376":0,"1377":0,"1378":0,"1379":0,"1380":0,"1381":0,"1382":0,"1383":0,"1386":0,"1387":0,"1388":0,"1389":0,"1393":0,"1405":0,"1433":0,"1434":0,"1438":0,"1440":0,"1443":0,"1448":0,"1450":0,"1451":0,"1454":0,"1456":0,"1457":0,"1460":0,"1464":0,"1465":0,"1468":0,"1469":0,"1472":0,"1482":0,"1483":0,"1484":0,"1489":0,"1490":0,"1491":0,"1492":0,"1498":0,"1499":0,"1501":0,"1502":0,"1503":0,"1505":0,"1509":0,"1510":0,"1517":0,"1519":0,"1520":0,"1536":0,"1561":0,"1562":0,"1567":0,"1569":0,"1570":0,"1572":0,"1574":0,"1575":0,"1576":0,"1577":0,"1580":0,"1581":0,"1582":0,"1584":0,"1586":0,"1589":0,"1592":0,"1595":0,"1596":0,"1597":0,"1598":0,"1599":0,"1603":0,"1614":0,"1617":0,"1618":0,"1627":1,"1628":0,"1629":0,"1639":1,"1641":0,"1643":0,"1644":0,"1645":0,"1646":0,"1650":0,"1662":1,"1664":0,"1665":0,"1666":0,"1671":0,"1672":0,"1673":0,"1678":0,"1692":0,"1695":1,"1696":0,"1697":0,"1698":0,"1699":0,"1702":0,"1746":1,"1747":0,"1748":0,"1750":0,"1752":0,"1753":0,"1758":0,"1759":0,"1763":0,"1766":0,"1767":0,"1768":0,"1770":0,"1774":1,"1775":0,"1776":0,"1778":0,"1779":0,"1781":0,"1783":0,"1788":0,"1791":0,"1803":0,"1820":1,"1821":0,"1822":0,"1823":0,"1824":0,"1826":0,"1832":0,"1833":0,"1837":0,"1838":0,"1839":0,"1844":0,"1845":0,"1849":0,"1857":1,"1860":0,"1861":0,"1862":0,"1864":0,"1867":0,"1877":1,"1878":0,"1879":0,"1889":1,"1890":0,"1891":0,"1894":1,"1896":0,"1900":0,"1902":0,"1903":0,"1908":0,"1909":0,"1910":0,"1911":0,"1913":0,"1919":0,"1925":0,"1929":0,"1942":1,"1943":0,"1944":0,"1945":0,"1946":0,"1947":0,"1948":0,"1949":0,"1950":0,"1951":0,"1952":0,"1953":0,"1954":0,"1957":0,"1959":0,"1960":0,"1963":0,"1968":0,"1972":0,"1979":0,"1996":0,"2010":1,"2012":0,"2013":0,"2015":0,"2018":0,"2019":0,"2025":0,"2026":0,"2029":0,"2030":0,"2033":0,"2034":0,"2035":0,"2037":0,"2050":1,"2051":0,"2052":0,"2053":0,"2055":0,"2059":0,"2061":0,"2062":0,"2065":0,"2066":0,"2067":0,"2069":0,"2073":0,"2086":1,"2087":0,"2096":1,"2097":0,"2106":1,"2107":0,"2108":0,"2109":0,"2111":0,"2121":1,"2122":0,"2123":0,"2133":1,"2134":0,"2135":0,"2144":1,"2145":0,"2158":1,"2161":0,"2162":0,"2163":0,"2164":0,"2168":0,"2172":0,"2175":0,"2177":0,"2187":1,"2188":0,"2189":0,"2198":1,"2199":0,"2200":0,"2203":0,"2212":1,"2213":0,"2214":0,"2224":1,"2225":0,"2226":0,"2237":1,"2238":0,"2239":0,"2241":0,"2244":0,"2253":1,"2254":0,"2264":1,"2265":0,"2269":0,"2273":0,"2283":1,"2284":0,"2286":0,"2287":0,"2290":0,"2299":1,"2300":0,"2302":0,"2311":1,"2312":0,"2321":1,"2322":0,"2366":1,"2367":0,"2368":0,"2371":0,"2373":1,"2374":0,"2381":0,"2383":0,"2386":0,"2390":0,"2391":0,"2393":0,"2394":0,"2395":0,"2396":0,"2400":0,"2401":0,"2403":0,"2404":0,"2408":0,"2409":0,"2412":0,"2416":0,"2418":0,"2422":0,"2423":0,"2426":0,"2427":0,"2429":0,"2434":0,"2435":0,"2436":0,"2444":0,"2445":0,"2446":0,"2453":0,"2455":0,"2456":0,"2458":0,"2464":0,"2465":0,"2466":0,"2469":0,"2474":0,"2477":0,"2508":0,"2509":0,"2517":0,"2544":0,"2554":1,"2555":0,"2557":0,"2558":0,"2559":0,"2563":0,"2564":0,"2574":0,"2575":0,"2576":0,"2577":0,"2579":0,"2584":0,"2594":0,"2603":0,"2616":0,"2621":1,"2622":0,"2626":0,"2629":1,"2630":0,"2631":0,"2632":0,"2645":1,"2646":0,"2647":0,"2648":0,"2649":0,"2659":1,"2660":0,"2661":0,"2662":0,"2664":0,"2675":1,"2676":0,"2677":0,"2690":1,"2691":0,"2695":0,"2708":1,"2709":0,"2713":0,"2730":1,"2731":0,"2739":0,"2757":1,"2758":0,"2767":0,"2777":1,"2779":0,"2783":0,"2784":0,"2787":0,"2788":0,"2792":0,"2793":0,"2798":0,"2799":0,"2802":0,"2805":0,"2806":0,"2811":0,"2812":0,"2813":0,"2815":0,"2817":0,"2826":1,"2827":0,"2829":0,"2830":0,"2831":0,"2836":0,"2848":1,"2849":0,"2850":0,"2852":0,"2863":1,"2864":0,"2865":0,"2867":0,"2882":1,"2883":0,"2884":0,"2885":0,"2886":0,"2889":0,"2899":1,"2900":0,"2901":0,"2902":0,"2903":0,"2905":0,"2906":0,"2916":1,"2917":0,"2921":0,"2922":0,"2923":0,"2926":0,"2929":0,"2942":1,"2943":0,"2944":0,"2945":0,"2946":0,"2947":0,"2950":0,"2953":0,"2970":0,"2971":0,"2974":0,"2977":0,"2996":1,"2997":0,"2998":0,"2999":0,"3000":0,"3001":0,"3002":0,"3003":0,"3006":1,"3007":0,"3008":0,"3009":0,"3011":0,"3012":0,"3019":0,"3020":0,"3022":0,"3027":0,"3031":0,"3032":0,"3037":0,"3038":0,"3039":0,"3043":0,"3044":0,"3046":0,"3049":0,"3050":0,"3054":0,"3055":0,"3057":0,"3061":0,"3062":0,"3068":0,"3069":0,"3078":0,"3082":0,"3086":0,"3111":0,"3114":1,"3116":0,"3117":0,"3118":0,"3123":0,"3130":1,"3131":0,"3134":0,"3160":0,"3163":1,"3164":0,"3165":0,"3166":0,"3167":0,"3169":0,"3170":0,"3172":0,"3177":0,"3183":0,"3186":1,"3187":0,"3190":0,"3212":0,"3215":1,"3216":0,"3222":0,"3223":0,"3226":1,"3227":0,"3230":0,"3244":0,"3252":0,"3351":1,"3352":0,"3355":0,"3357":0,"3358":0,"3359":0,"3361":0,"3362":0,"3364":0,"3365":0,"3370":0,"3373":0,"3374":0,"3379":0,"3382":0,"3383":0,"3385":0,"3386":0,"3390":0,"3391":0,"3394":0,"3400":0,"3405":0,"3408":0,"3409":0,"3413":0,"3414":0,"3421":0,"3429":0,"3433":0,"3438":0,"3440":0,"3441":0,"3451":0,"3468":0,"3469":0,"3473":0,"3490":0,"3493":0,"3496":0,"3499":0,"3501":0,"3504":0,"3505":0,"3511":0,"3522":0,"3527":0,"3544":0,"3635":1,"3636":0,"3645":0,"3657":0,"3665":0,"3764":1,"3765":0,"3766":0,"3768":0,"3769":0,"3770":0,"3771":0,"3774":0,"3778":0,"3786":0,"3787":0,"3788":0,"3790":0,"3793":0,"3794":0,"3795":0,"3797":0,"3804":0,"3808":0,"3812":0,"3813":0,"3815":0,"3817":0,"3824":0,"3827":0,"3832":0,"3836":0,"3837":0,"3838":0,"3843":0,"3849":0,"3850":0,"3854":0,"3857":0,"3858":0,"3862":0,"3865":0,"3866":0,"3871":0,"3879":0,"3881":0,"3883":0,"3884":0,"3886":0,"3887":0,"3891":0,"3893":0,"3895":0,"3897":0,"3900":0,"3903":0,"3904":0,"3907":0,"3910":0,"3914":0,"3917":0,"3923":0,"3928":0,"3929":0,"3935":0,"3938":0,"3939":0,"3942":0,"3945":0,"3949":0,"3950":0,"3955":0,"3965":0,"3967":0,"3968":0,"3971":0,"3975":0,"3976":0,"3979":0,"3980":0,"3983":0,"3984":0,"3985":0,"3987":0,"3992":0,"3993":0,"3997":0,"3998":0,"4002":0,"4003":0,"4004":0,"4005":0,"4007":0,"4010":0,"4015":0,"4031":0,"4078":1,"4079":0,"4088":0,"4100":0,"4108":0,"4160":1,"4161":0,"4163":0,"4165":0,"4166":0,"4168":0,"4170":0,"4179":1,"4180":0,"4181":0,"4190":0,"4192":0,"4194":0,"4196":0,"4197":0,"4200":0,"4201":0,"4202":0,"4208":0,"4212":0,"4213":0,"4214":0,"4216":0,"4217":0,"4218":0,"4222":0,"4225":0,"4228":0,"4234":0,"4235":0,"4239":0,"4240":0,"4243":0,"4244":0,"4249":0,"4251":0,"4254":0,"4259":0,"4265":0,"4268":0,"4272":0,"4273":0,"4276":0,"4279":0,"4284":0,"4289":0,"4290":0,"4291":0,"4292":0,"4293":0,"4294":0,"4295":0,"4296":0,"4301":0,"4302":0,"4303":0,"4304":0,"4305":0,"4308":0,"4313":0,"4319":0,"4320":0,"4324":0,"4341":0,"4342":0,"4343":0,"4345":0,"4351":0,"4359":0,"4360":0,"4361":0,"4363":0,"4366":0,"4368":0,"4369":0,"4376":0,"4390":0,"4393":0,"4468":1,"4469":0,"4478":0,"4486":0}}}